ACVC11.LST
READ.ME
A21001A.ADA
A22002A.ADA
A22006B.ADA
A22006C.ADA
A22006D.ADA
A22006E.ADA
A22006F.ADA
A26004A.ADA
A26007A.TST
A27003A.ADA
A27004A.ADA
A28002C.ADA
A28004A.ADA
A28006D0M.TST
A28006D1.TST
A29002A.ADA
A29002B.ADA
A29002C.ADA
A29002D.ADA
A29002E.ADA
A29002F.ADA
A29002G.ADA
A29002H.ADA
A29002I.ADA
A29002J.ADA
A29003A.ADA
A2A031A.ADA
A32203B.ADA
A32203C.ADA
A32203D.ADA
A33003A.ADA
A34017C.ADA
A35101B.ADA
A35402A.ADA
A35502Q.ADA
A35502R.ADA
A35710A.ADA
A35801A.ADA
A35801B.ADA
A35801E.ADA
A35801F.ADA
A35902C.ADA
A38106D.ADA
A38106E.ADA
A38199A.ADA
A38199B.ADA
A38199C0.ADA
A38199C1M.ADA
A38199C2.ADA
A39005B.ADA
A39005C.ADA
A39005D.TST
A39005E.ADA
A39005F.ADA
A39005G.DEP
A54B01A.ADA
A54B02A.ADA
A55B12A.ADA
A55B13A.ADA
A55B14A.ADA
A62006D.ADA
A63202A.ADA
A71002A.ADA
A71004A.ADA
A72001A.ADA
A73001I.ADA
A73001J.ADA
A74006A.ADA
A74105B.ADA
A74106A.ADA
A74106B.ADA
A74106C.ADA
A74205E.ADA
A74205F.ADA
A83009A.ADA
A83009B.ADA
A83041B.ADA
A83041C.ADA
A83041D.ADA
A83A02A.ADA
A83A02B.ADA
A83A06A.ADA
A83A08A.ADA
A83C01C.ADA
A83C01D.ADA
A83C01E.ADA
A83C01F.ADA
A83C01G.ADA
A83C01H.ADA
A83C01I.ADA
A83C01J.ADA
A85007D.ADA
A85013B.ADA
A87B59A.ADA
A91001I.ADA
A91002M.ADA
A95001C.ADA
A95005A.ADA
A95074D.ADA
A97106A.ADA
A98001A.ADA
A98002A.ADA
A99006A.ADA
A99007A.ADA
A9B001A.ADA
A9B002A.ADA
A9B002B.ADA
AA2010A.ADA
AA2012A.ADA
AA5008X.ADA
AB7006A.ADA
AC1015B.ADA
AC3106A.ADA
AC3206A.ADA
AC3207A.ADA
AD1A01A.ADA
AD1A01B.ADA
AD1B08A.DEP
AD1D01E.ADA
AD7001B.ADA
AD7001C0M.ADA
AD7001C1.ADA
AD7001D0M.ADA
AD7001D1.ADA
AD7005A.ADA
AD7006A.ADA
AD7101A.ADA
AD7101C.ADA
AD7102A.ADA
AD7103A.ADA
AD7103C.ADA
AD7104A.ADA
AD7201A.ADA
AD7201E.ADA
AD7203B.ADA
AD7205B.ADA
AD7206A.ADA
AD8011A.TST
AD9001B.TST
AD9004A.TST
ADA101A.ADA
AE2101A.ADA
AE2101B.ADA
AE2101C.DEP
AE2101D.ADA
AE2101F.ADA
AE2101G.ADA
AE2101H.DEP
AE2101I.ADA
AE2113A.ADA
AE2113B.ADA
AE3002G.ADA
AE3101A.ADA
AE3702A.ADA
AE3709A.ADA
B22001A.TST
B22001B.TST
B22001C.TST
B22001D.TST
B22001E.TST
B22001F.TST
B22001G.TST
B22001H.ADA
B22001I.TST
B22001J.TST
B22001K.TST
B22001L.TST
B22001M.TST
B22001N.TST
B22003A.ADA
B22003B.ADA
B22004A.ADA
B22004B.ADA
B22004C.ADA
B22005A.ADA
B22005B.ADA
B22005C.ADA
B22005D.ADA
B22005E.ADA
B22005F.ADA
B22005G.ADA
B22005H.ADA
B22005I.ADA
B22005J.ADA
B22005K.ADA
B22005L.ADA
B22005M.ADA
B22005N.ADA
B22005O.ADA
B22005P.ADA
B22005Q.ADA
B22005R.ADA
B22005S.ADA
B22005T.ADA
B22005U.ADA
B22005V.ADA
B22005W.ADA
B22005X.ADA
B22005Y.ADA
B22005Z.ADA
B23002A.ADA
B23003D.TST
B23003E.TST
B23003F.TST
B23004A.ADA
B23004B.ADA
B24001A.ADA
B24001B.ADA
B24001C.ADA
B24005A.ADA
B24005B.ADA
B24007A.ADA
B24009A.ADA
B24104A.ADA
B24204A.ADA
B24204B.ADA
B24204C.ADA
B24204D.ADA
B24204E.ADA
B24204F.ADA
B24205A.ADA
B24206A.ADA
B24206B.ADA
B24211B.ADA
B25002A.ADA
B25002B.ADA
B25004B.ADA
B26001A.ADA
B26002A.ADA
B26005A.ADA
B27005A.ADA
B28001A.ADA
B28001B.ADA
B28001C.ADA
B28001D.ADA
B28001E.ADA
B28001F.ADA
B28001G.ADA
B28001H.ADA
B28001I.ADA
B28001J.ADA
B28001K.ADA
B28001L.ADA
B28001M.ADA
B28001N.ADA
B28001O.ADA
B28001P.ADA
B28001Q.ADA
B28001R.ADA
B28001S.ADA
B28001T.ADA
B28001U.ADA
B28001V.ADA
B28001W.ADA
B28003A.ADA
B28003C.ADA
B28006A.ADA
B28006C.TST
B28006E.ADA
B28006F0M.TST
B28006F1.TST
B29001A.ADA
B2A003A.ADA
B2A003B.ADA
B2A003C.ADA
B2A003D.ADA
B2A003E.ADA
B2A003F.ADA
B2A004A.ADA
B2A005A.ADA
B2A005B.ADA
B2A007A.ADA
B2A010A.ADA
B2A021A.ADA
B32101A.ADA
B32103A.ADA
B32104A.ADA
B32106A.ADA
B32201A.ADA
B32202A.ADA
B32202B.ADA
B32202C.ADA
B33001A.ADA
B33002A.ADA
B33101A.ADA
B33102A.ADA
B33102B.ADA
B33102C.ADA
B33102D.ADA
B33102E.ADA
B33201A.ADA
B33201B.ADA
B33201C.ADA
B33201D.ADA
B33201E.ADA
B33202A.ADA
B33202B.ADA
B33202C.ADA
B33202D.ADA
B33202E.ADA
B33203A.ADA
B33203B.ADA
B33203C.ADA
B33203D.ADA
B33203E.ADA
B33204A.ADA
B33205A.ADA
B33301A.ADA
B33301B.ADA
B33302A.ADA
B34001B.ADA
B34001E.ADA
B34002B.ADA
B34003B.ADA
B34004B.ADA
B34005B.ADA
B34005E.ADA
B34005H.ADA
B34005K.ADA
B34005N.ADA
B34005Q.ADA
B34005T.ADA
B34006B.ADA
B34006E.ADA
B34006H.ADA
B34006K.ADA
B34007B.ADA
B34007E.ADA
B34007H.ADA
B34007K.ADA
B34007N.ADA
B34007Q.ADA
B34007T.ADA
B34008B.ADA
B34009B.ADA
B34009E.ADA
B34009H.ADA
B34009K.ADA
B34011A.ADA
B34014B.ADA
B34014D.ADA
B34014F.ADA
B34014I.ADA
B34014K.ADA
B34014M.ADA
B34014O.ADA
B34014Q.ADA
B34014S.ADA
B34014V.ADA
B34014X.ADA
B34014Z.ADA
B34016A.ADA
B34017A.ADA
B34017B.ADA
B35004A.ADA
B35101A.ADA
B35103A.ADA
B35103B.ADA
B35302A.ADA
B35401A.ADA
B35401B.ADA
B35403A.ADA
B35501A.ADA
B35501B.ADA
B35506A.ADA
B35506B.ADA
B35506C.ADA
B35506D.ADA
B35701A.ADA
B35709A.ADA
B35801C.ADA
B35803A.ADA
B35901A.ADA
B35901C.ADA
B35901D.ADA
B35A01A.ADA
B35A08A.ADA
B36001A.ADA
B36002A.ADA
B36101A.ADA
B36102A.ADA
B36103A.ADA
B36105A.ADA
B36105C.DEP
B36171A.ADA
B36171B.ADA
B36171C.ADA
B36171D.ADA
B36171E.ADA
B36171F.ADA
B36171G.ADA
B36171H.ADA
B36171I.ADA
B36201A.ADA
B36216A.ADA
B36307A.ADA
B37004A.ADA
B37004B.ADA
B37004C.ADA
B37004D.ADA
B37004E.ADA
B37004F.ADA
B37004G.ADA
B37101A.ADA
B37102A.ADA
B37104A.ADA
B37106A.ADA
B37201A.ADA
B37201B.ADA
B37202A.ADA
B37202B.ADA
B37203A.ADA
B37205A.ADA
B37212A.ADA
B37212B0.ADA
B37212B1.ADA
B37212B2M.ADA
B37301A.ADA
B37301B.ADA
B37301C.ADA
B37301D.ADA
B37301E.ADA
B37301F.ADA
B37301G.ADA
B37301H.ADA
B37301I.ADA
B37301J.ADA
B37302A.ADA
B37303A.ADA
B37307B.ADA
B37309B.ADA
B37310B.ADA
B37311A.ADA
B37312B.ADA
B37401A.ADA
B37409B.ADA
B38001A.ADA
B38001B.ADA
B38001C.ADA
B38001D.ADA
B38003A.ADA
B38003B.ADA
B38008A.ADA
B38008B.ADA
B38009A.ADA
B38009B.ADA
B38101A.ADA
B38101B.ADA
B38101C.ADA
B38101D.ADA
B38103A.ADA
B38103B.ADA
B38103C0.ADA
B38103C1.ADA
B38103C2.ADA
B38103C3M.ADA
B38103D.ADA
B38103E0M.ADA
B38103E1.ADA
B38105A.ADA
B38105B.ADA
B38106A.ADA
B38106B.ADA
B38203A.ADA
B38204A.ADA
B39004A.ADA
B39004B.ADA
B39004C.ADA
B39004D.ADA
B39004E.ADA
B39004F.ADA
B39004G.ADA
B39004H.ADA
B39004I.ADA
B39004J.ADA
B39004K.ADA
B39004L.ADA
B41101A.ADA
B41101C.ADA
B41102A.ADA
B41102B.ADA
B41102C.ADA
B41201A.ADA
B41201C.ADA
B41202B.ADA
B41202C.ADA
B41202D.ADA
B41302A.ADA
B41302B.ADA
B41305A.ADA
B41307B.ADA
B41308B.ADA
B41324B.ADA
B41325B.ADA
B41327B.ADA
B42004A.ADA
B43001A.ADA
B43001B.ADA
B43001C.ADA
B43001D.ADA
B43001E.ADA
B43001F.ADA
B43001G.ADA
B43001H.ADA
B43001I.ADA
B43001J.ADA
B43001K.ADA
B43001L.ADA
B43001M.ADA
B43002A.ADA
B43002B.ADA
B43002C.ADA
B43002D.ADA
B43002E.ADA
B43002F.ADA
B43002G.ADA
B43002H.ADA
B43002I.ADA
B43002J.ADA
B43002K.ADA
B43002L.ADA
B43002M.ADA
B43002N.ADA
B43002O.ADA
B43002P.ADA
B43005A.ADA
B43005B.ADA
B43005F.ADA
B43101A.ADA
B43102A.ADA
B43102B.ADA
B43105C.ADA
B43201A.ADA
B43201B.ADA
B43201C.ADA
B43201D.ADA
B43202A.ADA
B43202B.ADA
B43202C.ADA
B43203A.ADA
B43203B.ADA
B43209B.ADA
B43221A.ADA
B43221B.ADA
B43223A.ADA
B44001A.ADA
B44001B.ADA
B44002A.ADA
B44002B.ADA
B44002C.ADA
B44004A.ADA
B44004B.ADA
B44004C.ADA
B44004D.ADA
B44004E.ADA
B45102A.ADA
B45116A.ADA
B45121A.ADA
B45203A.ADA
B45204A.ADA
B45205A.ADA
B45206A.ADA
B45206B.ADA
B45207A.ADA
B45207B.ADA
B45207C.ADA
B45207D.ADA
B45207G.ADA
B45207H.ADA
B45207I.ADA
B45207J.ADA
B45207M.ADA
B45207N.ADA
B45207O.ADA
B45207P.ADA
B45207S.ADA
B45207T.ADA
B45207U.ADA
B45207V.ADA
B45208A.ADA
B45208B.ADA
B45208C.ADA
B45208G.ADA
B45208H.ADA
B45208I.ADA
B45208M.ADA
B45208N.ADA
B45208S.ADA
B45208T.ADA
B45209A.ADA
B45209B.ADA
B45209C.ADA
B45209D.ADA
B45209E.ADA
B45209F.ADA
B45209G.ADA
B45209H.ADA
B45209I.ADA
B45209J.ADA
B45209K.ADA
B45221A.ADA
B45261A.ADA
B45261B.ADA
B45261C.ADA
B45261D.ADA
B45301A.ADA
B45301B.ADA
B45301C.ADA
B45302A.ADA
B45341A.ADA
B45501A.ADA
B45501B.ADA
B45501C.ADA
B45522A.ADA
B45533A.ADA
B45535A.ADA
B45537A.ADA
B45538A.ADA
B45601A.ADA
B45615A.ADA
B45625A.ADA
B45661A.ADA
B46002A.ADA
B46003A.ADA
B46004A.ADA
B46004B.ADA
B46004C.ADA
B46004D.ADA
B46004E.ADA
B46005A.ADA
B47001A.ADA
B48001A.ADA
B48001B.ADA
B48002A.ADA
B48002B.ADA
B48002C.ADA
B48002D.ADA
B48002E.ADA
B48002F.ADA
B48002G.ADA
B48003A.ADA
B48003B.ADA
B48003C.ADA
B48003D.ADA
B48003E.ADA
B49002A.ADA
B49003A.ADA
B49004A.ADA
B49005A.ADA
B49006A.ADA
B49006B.ADA
B49007A.ADA
B49007B.ADA
B49008A.ADA
B49008B.ADA
B49008C.ADA
B49009A.ADA
B49009B.ADA
B49009C.ADA
B49010A.ADA
B49011A.ADA
B4A010C.ADA
B4A016A.ADA
B51001A.ADA
B51003A.ADA
B51003B.ADA
B51003C.ADA
B51003D.ADA
B51003E.ADA
B51003F.ADA
B51003G.ADA
B51003H.ADA
B51003I.ADA
B51003J.ADA
B51004B.ADA
B51004C.ADA
B52002A.ADA
B52002B.ADA
B52002C.ADA
B52002D.ADA
B52002E.ADA
B52002F.ADA
B52002G.ADA
B52003A.ADA
B52003B.ADA
B52003C.ADA
B52004A.ADA
B52004B.ADA
B52004C.ADA
B52004D.DEP
B52004E.DEP
B52006A.ADA
B53001A.ADA
B53001B.ADA
B53002A.ADA
B53002B.ADA
B53003A.ADA
B53004A.ADA
B53009A.ADA
B53009B.ADA
B53009C.ADA
B54A01A.ADA
B54A01B.ADA
B54A01C.ADA
B54A01D.ADA
B54A01E.ADA
B54A01F.ADA
B54A01G.ADA
B54A01H.ADA
B54A01I.ADA
B54A01J.ADA
B54A01K.ADA
B54A01L.ADA
B54A05A.ADA
B54A05B.ADA
B54A08A.ADA
B54A09A.ADA
B54A10A.ADA
B54A12A.ADA
B54A20A.ADA
B54A21A.ADA
B54A25A.ADA
B54A27B.ADA
B54A27D.ADA
B54A60A.ADA
B54A60B.ADA
B54B01B.TST
B54B01C.ADA
B54B02B.ADA
B54B02C.ADA
B54B02D.ADA
B54B04A.ADA
B54B04B.ADA
B54B05A.ADA
B54B06A.ADA
B54B06B.ADA
B55A01A.ADA
B55A01B.ADA
B55A01C.ADA
B55A01D.ADA
B55A01E.ADA
B55A01F.ADA
B55A01G.ADA
B55A01H.ADA
B55A01I.ADA
B55A01J.ADA
B55A01K.ADA
B55A01L.ADA
B55A01M.ADA
B55A01N.ADA
B55A01O.ADA
B55A01P.ADA
B55A01Q.ADA
B55A01R.ADA
B55A01S.ADA
B55A01T.ADA
B55A01U.ADA
B55A01V.ADA
B55B01A.ADA
B55B01B.ADA
B55B09B.ADA
B55B09C.DEP
B55B09D.DEP
B55B12B.ADA
B55B12C.ADA
B55B14B.ADA
B55B17A.ADA
B55B17B.ADA
B55B17C.ADA
B55B18A.ADA
B56001A.ADA
B56001C.ADA
B56001D.ADA
B56001E.ADA
B56001F.ADA
B56001G.ADA
B56001H.ADA
B57001A.ADA
B57001B.ADA
B57001C.ADA
B57001D.ADA
B58001A.ADA
B58002A.ADA
B58002B.ADA
B58002C.ADA
B58003A.ADA
B58003B.ADA
B59001A.ADA
B59001C.ADA
B59001D.ADA
B59001E.ADA
B59001F.ADA
B59001G.ADA
B59001H.ADA
B59001I.ADA
B61001A.ADA
B61001B.ADA
B61001C.ADA
B61001D.ADA
B61001E.ADA
B61001F.ADA
B61001G.ADA
B61001H.ADA
B61001I.ADA
B61001J.ADA
B61001K.ADA
B61001L.ADA
B61001M.ADA
B61001N.ADA
B61001O.ADA
B61001P.ADA
B61001Q.ADA
B61001R.ADA
B61001S.ADA
B61001T.ADA
B61001U.ADA
B61001V.ADA
B61001W.ADA
B61003A.ADA
B61005A.ADA
B61006A.ADA
B61011A.ADA
B61012A.ADA
B62001A.ADA
B62001B.ADA
B62001C.ADA
B62001D.ADA
B62006B.ADA
B62006C.ADA
B62006E.ADA
B62006F.ADA
B63001A.ADA
B63001B.ADA
B63005A.ADA
B63005B.ADA
B63005C.ADA
B63006A.ADA
B63009A.ADA
B63009B.ADA
B63009C0.ADA
B63009C1.ADA
B63009C2.ADA
B63009C3M.ADA
B63010A.ADA
B63102A.ADA
B63103A.ADA
B64001A.ADA
B64001B.ADA
B64002A.ADA
B64002C.ADA
B64003A.ADA
B64004A.ADA
B64004B.ADA
B64004C.ADA
B64004D.ADA
B64004E.ADA
B64004F.ADA
B64006A.ADA
B64101A.ADA
B64110A.ADA
B64201A.ADA
B65001A.ADA
B65002A.ADA
B65002B.ADA
B66001A.ADA
B66001B.ADA
B66001C.ADA
B66001D.ADA
B67001A.ADA
B67001B.ADA
B67001C.ADA
B67001D.ADA
B67001E.ADA
B67001F.ADA
B67001G.ADA
B67001H.ADA
B67001I.ADA
B67001J.ADA
B67001K.ADA
B67004A.ADA
B71001A.ADA
B71001B.ADA
B71001C.ADA
B71001D.ADA
B71001F.ADA
B71001G.ADA
B71001H.ADA
B71001I.ADA
B71001J.ADA
B71001L.ADA
B71001M.ADA
B71001N.ADA
B71001O.ADA
B71001P.ADA
B71001Q.ADA
B71001R.ADA
B71001T.ADA
B71001U.ADA
B71001V.ADA
B71001W.ADA
B71002B.ADA
B73001A.ADA
B73001B.ADA
B73001C.ADA
B73001D.ADA
B73001E.ADA
B73001F.ADA
B73001G.ADA
B73001H.ADA
B73004A.ADA
B73004B.ADA
B73006A.ADA
B74001A.ADA
B74001B.ADA
B74003A.ADA
B74101A.ADA
B74101B.ADA
B74103A.ADA
B74103B.ADA
B74103C.ADA
B74103D.ADA
B74103E.ADA
B74103F.ADA
B74103G.ADA
B74103H.ADA
B74103I.ADA
B74104A.ADA
B74105A.ADA
B74105C.ADA
B74201A.ADA
B74202A.ADA
B74202B.ADA
B74202C.ADA
B74202D.ADA
B74203B.ADA
B74204A.ADA
B74205A.ADA
B74205B.ADA
B74207A.ADA
B74301A.ADA
B74303A.ADA
B74304A.ADA
B74304B.ADA
B74304C.ADA
B74307B.ADA
B74401A.ADA
B74401B.ADA
B74401C.ADA
B74401F.ADA
B74401G.ADA
B74401H.ADA
B74401I.ADA
B74401L.ADA
B74401M.ADA
B74401N.ADA
B74401O.ADA
B74401R.ADA
B74404A.ADA
B74404B.ADA
B74409A.ADA
B83001A.ADA
B83003A.ADA
B83003B0M.ADA
B83003B1.ADA
B83003B2.ADA
B83003C.ADA
B83004A.ADA
B83004B0M.ADA
B83004B1.ADA
B83004C.ADA
B83004D0M.ADA
B83004D1.ADA
B83006A.ADA
B83006B.ADA
B83008A.ADA
B83008B.ADA
B83011A.ADA
B83011B.ADA
B83012A.ADA
B83012B.ADA
B83012C.ADA
B83012E.ADA
B83022B.ADA
B83022H0M.ADA
B83022H1.ADA
B83022H2.ADA
B83023B.ADA
B83024B.ADA
B83024F0M.ADA
B83024F1.ADA
B83025B.ADA
B83025D.ADA
B83026B.ADA
B83027B.ADA
B83027D.ADA
B83028B.ADA
B83029B.ADA
B83030B.ADA
B83030D.ADA
B83031B.ADA
B83031D.ADA
B83031F.ADA
B83032B.ADA
B83033B.ADA
B83041E.ADA
B83A01A.ADA
B83A01B.ADA
B83A01C.ADA
B83A05A.ADA
B83A06B.ADA
B83A06H.ADA
B83A07A.ADA
B83A07B.ADA
B83A07C.ADA
B83A08B.ADA
B83A09A.ADA
B83B01A.ADA
B83B02C.ADA
B83C01A.ADA
B83C02A.ADA
B83E01A.ADA
B83E01B.ADA
B83E01C.ADA
B83E01D.ADA
B83E01E0M.ADA
B83E01E1.ADA
B83E01F0M.ADA
B83E01F1.ADA
B83E02C.ADA
B83E11A.ADA
B83F02A.ADA
B83F02B.ADA
B83F04A.ADA
B84001A.ADA
B84002B.ADA
B84004A.ADA
B84005B.ADA
B84006A.ADA
B84007A.ADA
B84008B.ADA
B85001A.ADA
B85001B.ADA
B85001C.ADA
B85001D.ADA
B85001E.ADA
B85001F.ADA
B85001G.ADA
B85001H.ADA
B85001I.ADA
B85001J.ADA
B85001K.ADA
B85001L.ADA
B85002A.ADA
B85003A.ADA
B85003B.ADA
B85004A.ADA
B85007B.ADA
B85007C.ADA
B85008A.ADA
B85008B.ADA
B85008C.ADA
B85008D.ADA
B85008E.ADA
B85008F.ADA
B85008G.ADA
B85008H.ADA
B85010A.ADA
B85010B.ADA
B85012A.ADA
B85013C.ADA
B85013D.ADA
B85015A.ADA
B86001A0.ADA
B86001A1M.ADA
B86001B.ADA
B86001C.ADA
B86001D.ADA
B86001G.ADA
B86001H.ADA
B86001I.ADA
B86001J.ADA
B86001K.ADA
B86001L.ADA
B86001M.ADA
B86001N.ADA
B86001O.ADA
B86001P.ADA
B86001Q.ADA
B86001R.ADA
B86001S.ADA
B86001T.DEP
B86001U.DEP
B86001V.DEP
B86001W.DEP
B86001X.TST
B86001Y.TST
B86001Z.TST
B86005F.ADA
B87B23B.ADA
B87B26A.ADA
B87B48C.ADA
B91001A.ADA
B91001B.ADA
B91001C.ADA
B91001D.ADA
B91001E.ADA
B91001F.ADA
B91001G.ADA
B91001H.ADA
B91002A.ADA
B91002B.ADA
B91002C.ADA
B91002D.ADA
B91002E.ADA
B91002F.ADA
B91002G.ADA
B91002H.ADA
B91002I.ADA
B91002J.ADA
B91002K.ADA
B91002L.ADA
B91003A.ADA
B91003B.ADA
B91003C.ADA
B91003D.ADA
B91003E.ADA
B91004A.ADA
B91005A.ADA
B92001A.ADA
B92001B.ADA
B95001A.ADA
B95001B.ADA
B95001D.ADA
B95002A.ADA
B95003A.ADA
B95004A.ADA
B95004B.ADA
B95006A.ADA
B95006B.ADA
B95006C.ADA
B95006D.ADA
B95007A.ADA
B95007B.ADA
B95020A.ADA
B95020B0.ADA
B95020B1.ADA
B95020B2M.ADA
B95030A.ADA
B95031A.ADA
B95032A.ADA
B95061A.ADA
B95061B.ADA
B95061C.ADA
B95061D.ADA
B95061E.ADA
B95061F.ADA
B95061G.ADA
B95062A.ADA
B95063A.ADA
B95064A.ADA
B95068A.ADA
B95069A.ADA
B95069B.ADA
B95069C.ADA
B95069D.ADA
B95069E.ADA
B95070A.ADA
B95074A.ADA
B95074B.ADA
B95074E.ADA
B95074F.ADA
B95077A.ADA
B95079A.ADA
B95080A.ADA
B95080C.ADA
B95081A.ADA
B95082A.ADA
B95082B.ADA
B95082C.ADA
B95082D.ADA
B95082E.ADA
B95082F.ADA
B95083A.ADA
B95091A.ADA
B95094A.ADA
B95094B.ADA
B95094C.ADA
B96002A.ADA
B96003A.ADA
B97101A.ADA
B97101B.ADA
B97101C.ADA
B97101D.ADA
B97101E.ADA
B97101G.ADA
B97101H.ADA
B97102B.ADA
B97102C.ADA
B97102D.ADA
B97102F.ADA
B97102G.ADA
B97102H.ADA
B97102I.ADA
B97103A.ADA
B97103B.ADA
B97103D.ADA
B97103E.ADA
B97103F.ADA
B97103G.ADA
B97104A.ADA
B97104B.ADA
B97104C.ADA
B97104D.ADA
B97104E.ADA
B97104F.ADA
B97104G.ADA
B97107A.ADA
B97108A.ADA
B97108B.ADA
B97109A.ADA
B97110A.ADA
B97110B.ADA
B97111A.ADA
B97206A.ADA
B97306A.ADA
B99001A.ADA
B99001B.ADA
B99002A.ADA
B99002B.ADA
B99002C.ADA
B99003A.ADA
B9A001A.ADA
B9A001B.ADA
BA1001A0M.ADA
BA1001A1.ADA
BA1001B.TST
BA1001C.TST
BA1010A0M.ADA
BA1010A1.ADA
BA1010A2.ADA
BA1010A3.ADA
BA1010A4.ADA
BA1010A5.ADA
BA1010A6.ADA
BA1010A7.ADA
BA1010A8.ADA
BA1010D0M.ADA
BA1010D1.ADA
BA1010D2.ADA
BA1010D3.ADA
BA1010D4.ADA
BA1010D5.ADA
BA1010D6.ADA
BA1010D7.ADA
BA1010D8.ADA
BA1011B0M.ADA
BA1011B1.ADA
BA1011B2.ADA
BA1011B3.ADA
BA1011B4.ADA
BA1011B5.ADA
BA1011B6.ADA
BA1011B7.ADA
BA1011B8.ADA
BA1011C0M.ADA
BA1011C1.ADA
BA1011C2.ADA
BA1011C3.ADA
BA1011C4.ADA
BA1011C5.ADA
BA1011C6.ADA
BA1011C7.ADA
BA1011C8.ADA
BA1020A0M.ADA
BA1020A1.ADA
BA1020A2.ADA
BA1020A3.ADA
BA1020A4.ADA
BA1020A5.ADA
BA1020A6.ADA
BA1020A7.ADA
BA1020A8.ADA
BA1020B0.ADA
BA1020B1.ADA
BA1020B2.ADA
BA1020B3.ADA
BA1020B4.ADA
BA1020B5.ADA
BA1020B6M.ADA
BA1020C0M.ADA
BA1020C1.ADA
BA1020C2.ADA
BA1020C3.ADA
BA1020C4.ADA
BA1020C5.ADA
BA1020F0.ADA
BA1020F1.ADA
BA1020F2M.ADA
BA1101A.ADA
BA1101B0M.ADA
BA1101B1.ADA
BA1101B2.ADA
BA1101B3.ADA
BA1101B4.ADA
BA1101C0.ADA
BA1101C1.ADA
BA1101C2M.ADA
BA1101C3.ADA
BA1101C4.ADA
BA1101C5.ADA
BA1101D.ADA
BA1101E.ADA
BA1101F.ADA
BA1101G.ADA
BA1101H0.ADA
BA1101H1M.ADA
BA1109A0.ADA
BA1109A1.ADA
BA1109A2M.ADA
BA1110A0.ADA
BA1110A1M.ADA
BA1110A2.ADA
BA1110A3.ADA
BA1110A4.ADA
BA1110A5.ADA
BA2001A.ADA
BA2001B.ADA
BA2001C.ADA
BA2001D.ADA
BA2001E0M.ADA
BA2001E1.ADA
BA2001E2.ADA
BA2001E3.ADA
BA2001E4.ADA
BA2001E5.ADA
BA2001E6.ADA
BA2001E7.ADA
BA2001E8.ADA
BA2001F0M.ADA
BA2001F1.ADA
BA2001F2.ADA
BA2001G0M.ADA
BA2001G1.ADA
BA2003B0M.ADA
BA2003B1.ADA
BA2011A0.ADA
BA2011A1M.ADA
BA2011A2.ADA
BA2011A3.ADA
BA2011A4.ADA
BA2011A5.ADA
BA2011A6.ADA
BA2011A7.ADA
BA2011A8.ADA
BA2011A9.ADA
BA2013A.ADA
BA2013B.ADA
BA3001A0M.ADA
BA3001A1.ADA
BA3001A2.ADA
BA3001A3.ADA
BA3001B0M.ADA
BA3001B1.ADA
BA3001C0M.ADA
BA3001C1.ADA
BA3001D0M.ADA
BA3001D1.ADA
BA3001E0M.ADA
BA3001E1.ADA
BA3001E2.ADA
BA3001E3.ADA
BA3001F0M.ADA
BA3001F1.ADA
BA3001F2.ADA
BA3001F3.ADA
BA3006A0.ADA
BA3006A1.ADA
BA3006A2.ADA
BA3006A3.ADA
BA3006A4.ADA
BA3006A5.ADA
BA3006A6M.ADA
BA3006B0.ADA
BA3006B1.ADA
BA3006B2.ADA
BA3006B3.ADA
BA3006B4M.ADA
BA3007A0.ADA
BA3007A1.ADA
BA3007A2.ADA
BA3007A3.ADA
BA3007A4.ADA
BA3007A5M.ADA
BA3007B0.ADA
BA3007B1.ADA
BA3007B2.ADA
BA3007B3.ADA
BA3007B4.ADA
BA3007B5.ADA
BA3007B6.ADA
BA3007B7.ADA
BA3007B8M.ADA
BA3008A0.ADA
BA3008A1.ADA
BA3008A2.ADA
BA3008A3.ADA
BA3008A4.ADA
BA3008A5M.ADA
BA3008B0.ADA
BA3008B1.ADA
BA3008B2.ADA
BA3008B3.ADA
BA3008B4.ADA
BA3008B5.ADA
BA3008B6M.ADA
BA3013A0.ADA
BA3013A1.ADA
BA3013A2.ADA
BA3013A3.ADA
BA3013A4.ADA
BA3013A5.ADA
BA3013A6.ADA
BA3013A7M.ADA
BB1006A.ADA
BB1006B.ADA
BB2001A.ADA
BB2002A.ADA
BB2003A.ADA
BB2003B.ADA
BB2003C.ADA
BB3001A.ADA
BB3002A.ADA
BB3005A.ADA
BC1001A.ADA
BC1002A.ADA
BC1005A.ADA
BC1008A.ADA
BC1008B.ADA
BC1008C.ADA
BC1009A.ADA
BC1011A.ADA
BC1011B.ADA
BC1011C.ADA
BC1012A.ADA
BC1013A.ADA
BC1014A.ADA
BC1014B.ADA
BC1016A.ADA
BC1016B.ADA
BC1101A.ADA
BC1102A.ADA
BC1103A.ADA
BC1104A.ADA
BC1104B.ADA
BC1106A.ADA
BC1107A.ADA
BC1109A.ADA
BC1109B.ADA
BC1109C.ADA
BC1109D.ADA
BC1110A.ADA
BC1201A.ADA
BC1201B.ADA
BC1201C.ADA
BC1201D.ADA
BC1201E.ADA
BC1201F.ADA
BC1201G.ADA
BC1201H.ADA
BC1201I.ADA
BC1201J.ADA
BC1201K.ADA
BC1201L.ADA
BC1202A.ADA
BC1202B.ADA
BC1202C.ADA
BC1202D.ADA
BC1202E.ADA
BC1202F.ADA
BC1202G.ADA
BC1203A.ADA
BC1205A.ADA
BC1206A.ADA
BC1207A.ADA
BC1208A.ADA
BC1226A.ADA
BC1230A.ADA
BC1303A.ADA
BC1303B.ADA
BC1303C.ADA
BC1303D.ADA
BC1303E.ADA
BC1303F.ADA
BC1306A.ADA
BC1310B.ADA
BC2001B.ADA
BC2001C.ADA
BC2001D.ADA
BC2001E.ADA
BC2004A.ADA
BC2004B.ADA
BC3001A.ADA
BC3001D.ADA
BC3002A.ADA
BC3002B.ADA
BC3002C.ADA
BC3002D.ADA
BC3002E.ADA
BC3003A.ADA
BC3003B.ADA
BC3005A.ADA
BC3005B.ADA
BC3006A.ADA
BC3009A.ADA
BC3009B.ADA
BC3009C.ADA
BC3011B.ADA
BC3011C.ADA
BC3013A.ADA
BC3016A.ADA
BC3017A.ADA
BC3018A.ADA
BC3101A.ADA
BC3101B.ADA
BC3102A.ADA
BC3102B.ADA
BC3102C.ADA
BC3103A.ADA
BC3103B.ADA
BC3104A.ADA
BC3105A.ADA
BC3123C.ADA
BC3201A.ADA
BC3201B.ADA
BC3201C.ADA
BC3202A.ADA
BC3202B.ADA
BC3202C.ADA
BC3202D.ADA
BC3204A.ADA
BC3204B.ADA
BC3204C0.DEP
BC3204C1.DEP
BC3204C2.DEP
BC3204C3M.DEP
BC3204C4.DEP
BC3204C5.DEP
BC3204C6.DEP
BC3204D.ADA
BC3204E.ADA
BC3205A.ADA
BC3205B.ADA
BC3205C.ADA
BC3205D0.DEP
BC3205D1M.DEP
BC3205D2.DEP
BC3205E.ADA
BC3205F.ADA
BC3220B.ADA
BC3301A.ADA
BC3301B.ADA
BC3302A.ADA
BC3302B.ADA
BC3303A.ADA
BC3304A.ADA
BC3401A.ADA
BC3401B.ADA
BC3402A.ADA
BC3402B.ADA
BC3403A.ADA
BC3403B.ADA
BC3403C.ADA
BC3404A.ADA
BC3404B.ADA
BC3404C.ADA
BC3404D.ADA
BC3404E.ADA
BC3404F.ADA
BC3405A.ADA
BC3405B.ADA
BC3405D.ADA
BC3405E.ADA
BC3405F.ADA
BC3501A.ADA
BC3501B.ADA
BC3501C.ADA
BC3501D.ADA
BC3501E.ADA
BC3501F.ADA
BC3501G.ADA
BC3501H.ADA
BC3501I.ADA
BC3501J.ADA
BC3501K.ADA
BC3502A.ADA
BC3502B.ADA
BC3502C.ADA
BC3502D.ADA
BC3502E.ADA
BC3502F.ADA
BC3502G.ADA
BC3502H.ADA
BC3502I.ADA
BC3502J.ADA
BC3502K.ADA
BC3502L.ADA
BC3502M.ADA
BC3502N.ADA
BC3502O.ADA
BC3503A.ADA
BC3503B.ADA
BC3503C.ADA
BC3503D.ADA
BC3503E.ADA
BC3503F.ADA
BC3604A.ADA
BC3604B.ADA
BC3607A.ADA
BD1B01A.ADA
BD1B02B.ADA
BD1B03C.ADA
BD1B04D.ADA
BD1B05E.ADA
BD1B06A.ADA
BD1B06J.ADA
BD2001B.ADA
BD2A01C.ADA
BD2A01H.ADA
BD2A02A.ADA
BD2A03A.ADA
BD2A03B.ADA
BD2A06A.ADA
BD2A11A.ADA
BD2A12A.ADA
BD2A13A.ADA
BD2A13B.ADA
BD2A25A.ADA
BD2A35A.ADA
BD2A45A.ADA
BD2A55A.ADA
BD2A55B.ADA
BD2A67A.ADA
BD2A77A.ADA
BD2A85A.ADA
BD2A85B.ADA
BD2B01C.ADA
BD2B02A.ADA
BD2B03A.ADA
BD2B14A.ADA
BD2C01D.TST
BD2C02A.TST
BD2C03A.TST
BD2C14A.TST
BD2D01C.ADA
BD2D01D.ADA
BD2D02A.ADA
BD2D03A.ADA
BD3001A.ADA
BD3001B.ADA
BD3001C.ADA
BD3002A.ADA
BD3003A.ADA
BD3003B.ADA
BD3006A.ADA
BD3012A.ADA
BD3013A.ADA
BD4001A.ADA
BD4002A.ADA
BD4003A.ADA
BD4006A.ADA
BD4007A.ADA
BD4008A.ADA
BD4008B.ADA
BD4009A.ADA
BD4011A.ADA
BD5001A.ADA
BD5002A.ADA
BD5002F.ADA
BD5005A.ADA
BD5005D.ADA
BD5101A.ADA
BD5101B.ADA
BD5101C.ADA
BD5102A.ADA
BD5102B.ADA
BD5103A.ADA
BD5104A.ADA
BD7001A.ADA
BD7007A.ADA
BD7101H.ADA
BD7201C.ADA
BD7203A.ADA
BD7204A.ADA
BD7205A.ADA
BD7301A.ADA
BD7302A.ADA
BD8001A.TST
BD8002A.TST
BD8003A.TST
BD8004A.TST
BD8004B.TST
BD8004C.TST
BD9001A.TST
BD9004B.TST
BE2101E.ADA
BE2101J.ADA
BE2112A.ADA
BE2112B.ADA
BE2112C.ADA
BE2114A.ADA
BE2116A.ADA
BE2208A.ADA
BE2210A.ADA
BE2413A.ADA
BE3001A.ADA
BE3002A.ADA
BE3002E.ADA
BE3105A.ADA
BE3205A.ADA
BE3301C.ADA
BE3501A.ADA
BE3606C.ADA
BE3703A.ADA
BE3802A.ADA
BE3803A.ADA
BE3902A.ADA
BE3903A.ADA
C23001A.ADA
C23003A.TST
C23003B.TST
C23003C.TST
C23003G.TST
C23003H.TST
C23003I.TST
C23003J.TST
C23006A.ADA
C23006B.ADA
C23006C.ADA
C23006D.ADA
C23006E.ADA
C23006F.ADA
C23006G.ADA
C24002A.ADA
C24002B.ADA
C24002C.ADA
C24003A.TST
C24003B.TST
C24003C.TST
C24106A.ADA
C24113A.DEP
C24113B.DEP
C24113C.DEP
C24113D.DEP
C24113E.DEP
C24113F.DEP
C24113G.DEP
C24113H.DEP
C24113I.DEP
C24113J.DEP
C24113K.DEP
C24113L.DEP
C24113M.DEP
C24113N.DEP
C24113O.DEP
C24113P.DEP
C24113Q.DEP
C24113R.DEP
C24113S.DEP
C24113T.DEP
C24113U.DEP
C24113V.DEP
C24113W.DEP
C24113X.DEP
C24113Y.DEP
C24201A.TST
C24202A.ADA
C24202B.ADA
C24202C.ADA
C24203A.ADA
C24203B.ADA
C24207A.ADA
C24211A.ADA
C25001A.ADA
C25001B.ADA
C25003A.ADA
C25004A.ADA
C26002B.ADA
C26006A.ADA
C26008A.ADA
C27001A.ADA
C27002A.ADA
C2A001A.ADA
C2A001B.ADA
C2A001C.ADA
C2A002A.ADA
C2A006A.ADA
C2A008A.ADA
C2A009A.TST
C2A021B.ADA
C32001A.ADA
C32001B.ADA
C32001C.ADA
C32001D.ADA
C32001E.ADA
C32107A.ADA
C32107C.ADA
C32108A.ADA
C32108B.ADA
C32111A.ADA
C32111B.ADA
C32112A.ADA
C32112B.ADA
C32113A.ADA
C32114A.ADA
C32115A.ADA
C32115B.ADA
C32117A.ADA
C32203A.ADA
C34001A.ADA
C34001C.ADA
C34001D.ADA
C34001F.ADA
C34002A.ADA
C34002C.ADA
C34003A.ADA
C34003C.ADA
C34004A.ADA
C34004C.ADA
C34005A.ADA
C34005C.ADA
C34005D.ADA
C34005F.ADA
C34005G.ADA
C34005I.ADA
C34005J.ADA
C34005L.ADA
C34005M.ADA
C34005O.ADA
C34005P.ADA
C34005R.ADA
C34005S.ADA
C34005U.ADA
C34006A.ADA
C34006D.ADA
C34006F.ADA
C34006G.ADA
C34006J.ADA
C34006L.ADA
C34007A.ADA
C34007D.ADA
C34007F.ADA
C34007G.ADA
C34007I.ADA
C34007J.ADA
C34007M.ADA
C34007P.ADA
C34007R.ADA
C34007S.ADA
C34007U.ADA
C34008A.ADA
C34009A.ADA
C34009D.ADA
C34009F.ADA
C34009G.ADA
C34009J.ADA
C34009L.ADA
C34011B.ADA
C34012A.ADA
C34014A.ADA
C34014C.ADA
C34014E.ADA
C34014G.ADA
C34014H.ADA
C34014J.ADA
C34014L.ADA
C34014N.ADA
C34014P.ADA
C34014R.ADA
C34014T.ADA
C34014U.ADA
C34014W.ADA
C34014Y.ADA
C34015B.ADA
C34016B.ADA
C34018A.ADA
C35003A.ADA
C35003B.ADA
C35003D.ADA
C35003F.ADA
C35102A.ADA
C35106A.ADA
C35404A.ADA
C35404B.DEP
C35404C.DEP
C35404D.TST
C35502A.ADA
C35502B.ADA
C35502C.ADA
C35502D.TST
C35502E.ADA
C35502F.TST
C35502G.ADA
C35502H.ADA
C35502I.ADA
C35502J.ADA
C35502K.ADA
C35502L.ADA
C35502M.ADA
C35502N.ADA
C35502O.ADA
C35502P.ADA
C35503A.ADA
C35503B.ADA
C35503C.ADA
C35503D.TST
C35503E.ADA
C35503F.TST
C35503G.ADA
C35503H.ADA
C35503K.ADA
C35503L.ADA
C35503O.ADA
C35503P.ADA
C35504A.ADA
C35504B.ADA
C35505A.ADA
C35505B.ADA
C35505C.ADA
C35505D.ADA
C35505E.ADA
C35505F.ADA
C35507A.ADA
C35507B.ADA
C35507C.ADA
C35507E.ADA
C35507G.ADA
C35507H.ADA
C35507I.ADA
C35507J.ADA
C35507K.ADA
C35507L.ADA
C35507M.ADA
C35507N.ADA
C35507O.ADA
C35507P.ADA
C35508A.ADA
C35508B.ADA
C35508C.ADA
C35508E.ADA
C35508G.ADA
C35508H.ADA
C35508I.DEP
C35508J.DEP
C35508K.ADA
C35508L.ADA
C35508M.DEP
C35508N.DEP
C35508O.ADA
C35508P.ADA
C35702A.DEP
C35702B.DEP
C35703A.ADA
C35704A.ADA
C35704B.ADA
C35704C.ADA
C35704D.ADA
C35705A.DEP
C35705B.DEP
C35705C.DEP
C35705D.DEP
C35705E.DEP
C35705F.DEP
C35705G.DEP
C35705H.DEP
C35705I.DEP
C35705J.DEP
C35705K.DEP
C35705L.DEP
C35705M.DEP
C35705N.DEP
C35705O.DEP
C35705P.DEP
C35705Q.DEP
C35705R.DEP
C35705S.DEP
C35705T.DEP
C35705U.DEP
C35705V.DEP
C35705W.DEP
C35705X.DEP
C35705Y.DEP
C35706A.DEP
C35706B.DEP
C35706C.DEP
C35706D.DEP
C35706E.DEP
C35706F.DEP
C35706G.DEP
C35706H.DEP
C35706I.DEP
C35706J.DEP
C35706K.DEP
C35706L.DEP
C35706M.DEP
C35706N.DEP
C35706O.DEP
C35706P.DEP
C35706Q.DEP
C35706R.DEP
C35706S.DEP
C35706T.DEP
C35706U.DEP
C35706V.DEP
C35706W.DEP
C35706X.DEP
C35706Y.DEP
C35707A.DEP
C35707B.DEP
C35707C.DEP
C35707D.DEP
C35707E.DEP
C35707F.DEP
C35707G.DEP
C35707H.DEP
C35707I.DEP
C35707J.DEP
C35707K.DEP
C35707L.DEP
C35707M.DEP
C35707N.DEP
C35707O.DEP
C35707P.DEP
C35707Q.DEP
C35707R.DEP
C35707S.DEP
C35707T.DEP
C35707U.DEP
C35707V.DEP
C35707W.DEP
C35707X.DEP
C35707Y.DEP
C35708A.DEP
C35708B.DEP
C35708C.DEP
C35708D.DEP
C35708E.DEP
C35708F.DEP
C35708G.DEP
C35708H.DEP
C35708I.DEP
C35708J.DEP
C35708K.DEP
C35708L.DEP
C35708M.DEP
C35708N.DEP
C35708O.DEP
C35708P.DEP
C35708Q.DEP
C35708R.DEP
C35708S.DEP
C35708T.DEP
C35708U.DEP
C35708V.DEP
C35708W.DEP
C35708X.DEP
C35708Y.DEP
C35711A.ADA
C35711B.ADA
C35712A.ADA
C35712B.ADA
C35712C.ADA
C35713A.ADA
C35713B.DEP
C35713C.DEP
C35713D.TST
C35801D.ADA
C35802A.DEP
C35802B.DEP
C35802C.DEP
C35802D.DEP
C35802E.DEP
C35802F.DEP
C35802G.DEP
C35802H.DEP
C35802I.DEP
C35802J.DEP
C35802K.DEP
C35802L.DEP
C35802M.DEP
C35802N.DEP
C35802O.DEP
C35802P.DEP
C35802Q.DEP
C35802R.DEP
C35802S.DEP
C35802T.DEP
C35802U.DEP
C35802V.DEP
C35802W.DEP
C35802X.DEP
C35802Y.DEP
C35802Z.DEP
C35902A.ADA
C35902B.ADA
C35902D.ADA
C35903A.ADA
C35904A.ADA
C35904B.ADA
C35A02A.ADA
C35A03A.ADA
C35A03B.ADA
C35A03C.ADA
C35A03D.ADA
C35A03N.ADA
C35A03O.ADA
C35A03P.ADA
C35A03Q.ADA
C35A04A.ADA
C35A04B.ADA
C35A04C.ADA
C35A04D.ADA
C35A04N.ADA
C35A04O.ADA
C35A04P.ADA
C35A04Q.ADA
C35A05A.ADA
C35A05D.ADA
C35A05N.ADA
C35A05Q.ADA
C35A06A.ADA
C35A06B.ADA
C35A06D.ADA
C35A06N.ADA
C35A06O.ADA
C35A06P.ADA
C35A06Q.ADA
C35A06R.ADA
C35A06S.ADA
C35A07A.ADA
C35A07B.ADA
C35A07C.ADA
C35A07D.ADA
C35A07N.ADA
C35A07O.ADA
C35A07P.ADA
C35A07Q.ADA
C35A08B.ADA
C36003A.ADA
C36004A.ADA
C36104A.ADA
C36104B.ADA
C36105B.TST
C36172A.ADA
C36172B.ADA
C36172C.ADA
C36174A.ADA
C36180A.ADA
C36202A.ADA
C36202B.ADA
C36202C.ADA
C36203A.ADA
C36204A.ADA
C36204B.ADA
C36204C.ADA
C36205A.ADA
C36205B.ADA
C36205C.ADA
C36205D.ADA
C36205E.ADA
C36205F.ADA
C36205G.ADA
C36205H.ADA
C36205I.ADA
C36205J.ADA
C36205K.ADA
C36301A.ADA
C36301B.ADA
C36302A.ADA
C36303A.ADA
C36304A.ADA
C36305A.ADA
C37002A.ADA
C37003A.ADA
C37003B.ADA
C37005A.ADA
C37006A.ADA
C37007A.ADA
C37008A.ADA
C37008B.ADA
C37008C.ADA
C37009A.ADA
C37010A.ADA
C37010B.ADA
C37012A.ADA
C37102B.ADA
C37103A.ADA
C37105A.ADA
C37107A.ADA
C37108B.ADA
C37206A.ADA
C37207A.ADA
C37208A.ADA
C37208B.ADA
C37209A.ADA
C37209B.ADA
C37210A.ADA
C37211A.ADA
C37211B.ADA
C37211C.ADA
C37211D.ADA
C37211E.ADA
C37213A.ADA
C37213B.ADA
C37213C.ADA
C37213D.ADA
C37213E.ADA
C37213F.ADA
C37213G.ADA
C37213H.ADA
C37213J.ADA
C37213K.ADA
C37213L.ADA
C37214A.ADA
C37215A.ADA
C37215B.ADA
C37215C.ADA
C37215D.ADA
C37215E.ADA
C37215F.ADA
C37215G.ADA
C37215H.ADA
C37216A.ADA
C37217A.ADA
C37217B.ADA
C37217C.ADA
C37304A.ADA
C37305A.ADA
C37306A.ADA
C37307A.ADA
C37309A.ADA
C37310A.ADA
C37312A.ADA
C37402A.ADA
C37403A.ADA
C37404A.ADA
C37404B.ADA
C37405A.ADA
C37409A.ADA
C37411A.ADA
C38002A.ADA
C38002B.ADA
C38004A.ADA
C38004B.ADA
C38005A.ADA
C38005B.ADA
C38005C.ADA
C38006A.ADA
C38102A.ADA
C38102B.ADA
C38102C.ADA
C38102D.ADA
C38102E.ADA
C38104A.ADA
C38107A.ADA
C38107B.ADA
C38108A.ADA
C38108B.ADA
C38108C0.ADA
C38108C1M.ADA
C38108C2.ADA
C38108D0M.ADA
C38108D1.ADA
C38201A.ADA
C38202A.ADA
C39005A.ADA
C39006A.ADA
C39006B.ADA
C39006C0M.ADA
C39006C1.ADA
C39006D.ADA
C39006E.ADA
C39006F0.ADA
C39006F1.ADA
C39006F2.ADA
C39006F3M.ADA
C39006G.ADA
C39007A.ADA
C39007B.ADA
C39008A.ADA
C39008B.ADA
C39008C.ADA
C41101D.ADA
C41103A.ADA
C41103B.ADA
C41104A.ADA
C41105A.ADA
C41106A.ADA
C41107A.ADA
C41108A.ADA
C41201D.ADA
C41203A.ADA
C41203B.ADA
C41204A.ADA
C41205A.ADA
C41206A.ADA
C41207A.ADA
C41301A.ADA
C41303A.ADA
C41303B.ADA
C41303C.ADA
C41303E.ADA
C41303F.ADA
C41303G.ADA
C41303I.ADA
C41303J.ADA
C41303K.ADA
C41303M.ADA
C41303N.ADA
C41303O.ADA
C41303Q.ADA
C41303R.ADA
C41303S.ADA
C41303U.ADA
C41303V.ADA
C41303W.ADA
C41304A.ADA
C41304B.ADA
C41306A.ADA
C41306B.ADA
C41306C.ADA
C41307A.ADA
C41307C.ADA
C41307D.ADA
C41308A.ADA
C41308C.ADA
C41308D.ADA
C41309A.ADA
C41320A.ADA
C41321A.ADA
C41322A.ADA
C41323A.ADA
C41324A.ADA
C41325A.ADA
C41326A.ADA
C41327A.ADA
C41328A.ADA
C41401A.ADA
C41402A.ADA
C41403A.ADA
C41404A.ADA
C42005A.ADA
C42006A.ADA
C42007A.ADA
C42007B.ADA
C42007C.ADA
C42007D.ADA
C42007E.ADA
C42007F.ADA
C42007G.ADA
C42007H.ADA
C42007I.ADA
C42007J.ADA
C42007K.ADA
C43003A.ADA
C43004A.ADA
C43004B.ADA
C43004C.ADA
C43103A.ADA
C43103B.ADA
C43104A.ADA
C43105A.ADA
C43105B.ADA
C43106A.ADA
C43107A.ADA
C43108A.ADA
C43204A.ADA
C43204C.ADA
C43204E.ADA
C43204F.ADA
C43204G.ADA
C43204H.ADA
C43204I.ADA
C43205A.ADA
C43205B.ADA
C43205C.ADA
C43205D.ADA
C43205E.ADA
C43205F.ADA
C43205G.ADA
C43205H.ADA
C43205I.ADA
C43205J.ADA
C43205K.ADA
C43206A.ADA
C43207A.ADA
C43207B.ADA
C43207C.ADA
C43207D.ADA
C43208A.ADA
C43208B.ADA
C43209A.ADA
C43210A.ADA
C43211A.ADA
C43212A.ADA
C43212C.ADA
C43213A.ADA
C43214A.ADA
C43214B.ADA
C43214C.ADA
C43214D.ADA
C43214E.ADA
C43214F.ADA
C43215A.ADA
C43215B.ADA
C43222A.ADA
C43224A.ADA
C44003A.ADA
C44003D.ADA
C44003E.ADA
C44003F.ADA
C44003G.ADA
C45101A.ADA
C45101B.ADA
C45101C.ADA
C45101E.ADA
C45101G.ADA
C45101H.ADA
C45101I.ADA
C45101K.ADA
C45104A.ADA
C45111A.ADA
C45111B.ADA
C45111C.ADA
C45111D.ADA
C45111E.ADA
C45112A.ADA
C45112B.ADA
C45113A.ADA
C45114A.ADA
C45114B.ADA
C45122A.ADA
C45122B.ADA
C45122C.ADA
C45122D.ADA
C45123A.ADA
C45123B.ADA
C45123C.ADA
C45201A.ADA
C45201B.ADA
C45202A.ADA
C45202B.ADA
C45210A.ADA
C45211A.ADA
C45220A.ADA
C45220B.ADA
C45220C.ADA
C45220D.ADA
C45220E.ADA
C45220F.ADA
C45231A.ADA
C45231B.DEP
C45231C.DEP
C45231D.TST
C45232A.TST
C45232B.ADA
C45241A.DEP
C45241B.DEP
C45241C.DEP
C45241D.DEP
C45241E.DEP
C45241F.DEP
C45241G.DEP
C45241H.DEP
C45241I.DEP
C45241J.DEP
C45241K.DEP
C45241L.DEP
C45241M.DEP
C45241N.DEP
C45241O.DEP
C45241P.DEP
C45241Q.DEP
C45241R.DEP
C45241S.DEP
C45241T.DEP
C45241U.DEP
C45241V.DEP
C45241W.DEP
C45241X.DEP
C45241Y.DEP
C45242A.TST
C45242B.ADA
C45251A.ADA
C45252A.ADA
C45252B.ADA
C45253A.ADA
C45262A.ADA
C45262B.ADA
C45262C.ADA
C45262D.ADA
C45264A.ADA
C45264B.ADA
C45264C.ADA
C45265A.ADA
C45271A.ADA
C45272A.ADA
C45273A.ADA
C45274A.ADA
C45274B.ADA
C45274C.ADA
C45281A.ADA
C45282A.ADA
C45282B.ADA
C45291A.ADA
C45303A.ADA
C45304A.ADA
C45304B.DEP
C45304C.DEP
C45321A.DEP
C45321B.DEP
C45321C.DEP
C45321D.DEP
C45321E.DEP
C45321F.DEP
C45321G.DEP
C45321H.DEP
C45321I.DEP
C45321J.DEP
C45321K.DEP
C45321L.DEP
C45321M.DEP
C45321N.DEP
C45321O.DEP
C45321P.DEP
C45321Q.DEP
C45321R.DEP
C45321S.DEP
C45321T.DEP
C45321U.DEP
C45321V.DEP
C45321W.DEP
C45321X.DEP
C45321Y.DEP
C45323A.ADA
C45331A.ADA
C45331D.ADA
C45332A.ADA
C45342A.ADA
C45343A.ADA
C45344A.ADA
C45345A.ADA
C45345B.ADA
C45345C.ADA
C45345D.ADA
C45346A.ADA
C45347A.ADA
C45347B.ADA
C45347C.ADA
C45347D.ADA
C45411A.ADA
C45411B.DEP
C45411C.DEP
C45411D.ADA
C45412A.ADA
C45412B.DEP
C45412C.DEP
C45413A.ADA
C45421A.DEP
C45421B.DEP
C45421C.DEP
C45421D.DEP
C45421E.DEP
C45421F.DEP
C45421G.DEP
C45421H.DEP
C45421I.DEP
C45421J.DEP
C45421K.DEP
C45421L.DEP
C45421M.DEP
C45421N.DEP
C45421O.DEP
C45421P.DEP
C45421Q.DEP
C45421R.DEP
C45421S.DEP
C45421T.DEP
C45421U.DEP
C45421V.DEP
C45421W.DEP
C45421X.DEP
C45421Y.DEP
C45423A.TST
C45423B.TST
C45431A.ADA
C45502A.ADA
C45502B.DEP
C45502C.DEP
C45503A.ADA
C45503B.DEP
C45503C.DEP
C45504A.ADA
C45504B.DEP
C45504C.DEP
C45504D.ADA
C45504E.DEP
C45504F.DEP
C45505A.ADA
C45521A.DEP
C45521B.DEP
C45521C.DEP
C45521D.DEP
C45521E.DEP
C45521F.DEP
C45521G.DEP
C45521H.DEP
C45521I.DEP
C45521J.DEP
C45521K.DEP
C45521L.DEP
C45521M.DEP
C45521N.DEP
C45521O.DEP
C45521P.DEP
C45521Q.DEP
C45521R.DEP
C45521S.DEP
C45521T.DEP
C45521U.DEP
C45521V.DEP
C45521W.DEP
C45521X.DEP
C45521Y.DEP
C45521Z.DEP
C45523A.ADA
C45524A.DEP
C45524B.DEP
C45524C.DEP
C45524D.DEP
C45524E.DEP
C45524F.DEP
C45524G.DEP
C45524H.DEP
C45524I.DEP
C45524J.DEP
C45524K.DEP
C45524L.DEP
C45524M.DEP
C45524N.DEP
C45524O.DEP
C45524P.DEP
C45524Q.DEP
C45524R.DEP
C45524S.DEP
C45524T.DEP
C45524U.DEP
C45524V.DEP
C45524W.DEP
C45524X.DEP
C45524Y.DEP
C45524Z.DEP
C45531A.DEP
C45531B.DEP
C45531C.DEP
C45531D.DEP
C45531E.DEP
C45531F.DEP
C45531G.DEP
C45531H.DEP
C45531I.DEP
C45531J.DEP
C45531K.DEP
C45531L.DEP
C45531M.DEP
C45531N.DEP
C45531O.DEP
C45531P.DEP
C45532A.DEP
C45532B.DEP
C45532C.DEP
C45532D.DEP
C45532E.DEP
C45532F.DEP
C45532G.DEP
C45532H.DEP
C45532I.DEP
C45532J.DEP
C45532K.DEP
C45532L.DEP
C45532M.DEP
C45532N.DEP
C45532O.DEP
C45532P.DEP
C45534A.ADA
C45534B.ADA
C45536A.DEP
C45611A.ADA
C45611B.DEP
C45611C.DEP
C45612A.ADA
C45612B.DEP
C45612C.DEP
C45613A.ADA
C45613B.DEP
C45613C.DEP
C45614A.ADA
C45614B.DEP
C45614C.DEP
C45621A.DEP
C45621B.DEP
C45621C.DEP
C45621D.DEP
C45621E.DEP
C45621F.DEP
C45621G.DEP
C45621H.DEP
C45621I.DEP
C45621J.DEP
C45621K.DEP
C45621L.DEP
C45621M.DEP
C45621N.DEP
C45621O.DEP
C45621P.DEP
C45621Q.DEP
C45621R.DEP
C45621S.DEP
C45621T.DEP
C45621U.DEP
C45621V.DEP
C45621W.DEP
C45621X.DEP
C45621Y.DEP
C45621Z.DEP
C45622A.ADA
C45624A.ADA
C45624B.ADA
C45631A.ADA
C45631B.DEP
C45631C.DEP
C45632A.ADA
C45632B.DEP
C45632C.DEP
C45641A.DEP
C45641B.DEP
C45641C.DEP
C45641D.DEP
C45641E.DEP
C45641F.DEP
C45641G.DEP
C45641H.DEP
C45641I.DEP
C45641J.DEP
C45641K.DEP
C45641L.DEP
C45641M.DEP
C45641N.DEP
C45641O.DEP
C45641P.DEP
C45641Q.DEP
C45641R.DEP
C45641S.DEP
C45641T.DEP
C45641U.DEP
C45641V.DEP
C45641W.DEP
C45641X.DEP
C45641Y.DEP
C45651A.ADA
C45652A.ADA
C45662A.ADA
C45662B.ADA
C45672A.ADA
C46011A.ADA
C46012A.DEP
C46012B.DEP
C46012C.DEP
C46012D.DEP
C46012E.DEP
C46012F.DEP
C46012G.DEP
C46012H.DEP
C46012I.DEP
C46012J.DEP
C46012K.DEP
C46012L.DEP
C46012M.DEP
C46012N.DEP
C46012O.DEP
C46012P.DEP
C46012Q.DEP
C46012R.DEP
C46012S.DEP
C46012T.DEP
C46012U.DEP
C46012V.DEP
C46012W.DEP
C46012X.DEP
C46012Y.DEP
C46012Z.DEP
C46013A.ADA
C46013B.DEP
C46014A.ADA
C46021A.ADA
C46022A.ADA
C46023A.ADA
C46024A.ADA
C46031A.ADA
C46031B.DEP
C46032A.ADA
C46033A.ADA
C46033B.DEP
C46034A.ADA
C46034B.DEP
C46041A.ADA
C46042A.ADA
C46043A.ADA
C46043B.ADA
C46044A.ADA
C46044B.ADA
C46051A.ADA
C46051B.DEP
C46051C.DEP
C46052A.ADA
C46053A.ADA
C46054A.ADA
C47002A.ADA
C47002B.ADA
C47002C.ADA
C47002D.ADA
C47003A.ADA
C47004A.ADA
C47005A.ADA
C47006A.ADA
C47007A.ADA
C47008A.ADA
C47009A.ADA
C47009B.ADA
C48004A.ADA
C48004B.ADA
C48004C.ADA
C48004D.ADA
C48004E.ADA
C48004F.ADA
C48005A.ADA
C48005B.ADA
C48005C.ADA
C48006A.ADA
C48006B.ADA
C48007A.ADA
C48007B.ADA
C48007C.ADA
C48008A.ADA
C48008B.ADA
C48008C.ADA
C48008D.ADA
C48009A.ADA
C48009B.ADA
C48009C.ADA
C48009D.ADA
C48009E.ADA
C48009F.ADA
C48009G.ADA
C48009H.ADA
C48009I.ADA
C48009J.ADA
C48010A.ADA
C48011A.ADA
C48012A.ADA
C49020A.ADA
C49021A.ADA
C49022A.ADA
C49022B.ADA
C49022C.ADA
C49023A.ADA
C49024A.ADA
C49025A.ADA
C49026A.ADA
C4A005A.ADA
C4A005B.ADA
C4A006A.ADA
C4A007A.TST
C4A010A.ADA
C4A010B.ADA
C4A010D.ADA
C4A011A.ADA
C4A012A.ADA
C4A012B.ADA
C4A013A.ADA
C4A013B.ADA
C4A014A.ADA
C51002A.ADA
C51004A.ADA
C52001A.ADA
C52001B.ADA
C52001C.ADA
C52005A.ADA
C52005B.ADA
C52005C.ADA
C52005D.ADA
C52005E.ADA
C52005F.ADA
C52007A.ADA
C52008A.ADA
C52008B.ADA
C52009A.ADA
C52009B.ADA
C52010A.ADA
C52011A.ADA
C52011B.ADA
C52012A.ADA
C52012B.ADA
C52013A.ADA
C52101A.ADA
C52102A.ADA
C52102B.ADA
C52102C.ADA
C52102D.ADA
C52103A.ADA
C52103B.ADA
C52103C.ADA
C52103F.ADA
C52103G.ADA
C52103H.ADA
C52103K.ADA
C52103L.ADA
C52103M.ADA
C52103P.ADA
C52103Q.ADA
C52103R.ADA
C52103S.ADA
C52103X.ADA
C52104A.ADA
C52104B.ADA
C52104C.ADA
C52104F.ADA
C52104G.ADA
C52104H.ADA
C52104K.ADA
C52104L.ADA
C52104M.ADA
C52104P.ADA
C52104Q.ADA
C52104R.ADA
C52104X.ADA
C52104Y.ADA
C53004B.ADA
C53005A.ADA
C53005B.ADA
C53006A.ADA
C53006B.ADA
C53007A.ADA
C53008A.ADA
C54A03A.ADA
C54A04A.ADA
C54A06A.ADA
C54A07A.ADA
C54A11A.ADA
C54A13A.ADA
C54A13B.ADA
C54A13C.ADA
C54A13D.ADA
C54A22A.ADA
C54A23A.ADA
C54A24A.ADA
C54A24B.ADA
C54A26A.ADA
C54A27A.ADA
C54A41A.ADA
C54A42A.ADA
C54A42B.ADA
C54A42C.ADA
C54A42D.ADA
C54A42E.ADA
C54A42F.ADA
C54A42G.ADA
C55B03A.ADA
C55B04A.ADA
C55B05A.ADA
C55B06A.ADA
C55B06B.ADA
C55B07A.DEP
C55B07B.DEP
C55B08A.ADA
C55B09A.ADA
C55B10A.ADA
C55B11A.ADA
C55B11B.ADA
C55B15A.ADA
C55B16A.ADA
C55C01A.ADA
C55C02A.ADA
C55C02B.ADA
C55C03A.ADA
C55C03B.ADA
C55D01A.ADA
C56002A.ADA
C57002A.ADA
C57003A.ADA
C57004A.ADA
C57004B.ADA
C57004C.ADA
C57005A.ADA
C58004A.ADA
C58004B.ADA
C58004C.ADA
C58004D.ADA
C58004F.ADA
C58004G.ADA
C58005A.ADA
C58005B.ADA
C58005H.ADA
C58006A.ADA
C58006B.ADA
C59001B.ADA
C59002A.ADA
C59002B.ADA
C59002C.ADA
C61003B.ADA
C61008A.ADA
C61009A.ADA
C61010A.ADA
C62002A.ADA
C62003A.ADA
C62003B.ADA
C62004A.ADA
C62006A.ADA
C62009A.ADA
C63004A.ADA
C64002B.ADA
C64004G.ADA
C64005A.ADA
C64005B.ADA
C64005C.ADA
C64005D0M.ADA
C64005DA.ADA
C64005DB.ADA
C64005DC.ADA
C64103A.ADA
C64103B.ADA
C64103C.ADA
C64103D.ADA
C64103E.ADA
C64103F.ADA
C64104A.ADA
C64104B.ADA
C64104C.ADA
C64104D.ADA
C64104E.ADA
C64104F.ADA
C64104G.ADA
C64104H.ADA
C64104I.ADA
C64104J.ADA
C64104K.ADA
C64104L.ADA
C64104M.ADA
C64104N.ADA
C64104O.ADA
C64105A.ADA
C64105B.ADA
C64105C.ADA
C64105D.ADA
C64105E.ADA
C64105F.ADA
C64106A.ADA
C64106B.ADA
C64106C.ADA
C64106D.ADA
C64107A.ADA
C64108A.ADA
C64109A.ADA
C64109B.ADA
C64109C.ADA
C64109D.ADA
C64109E.ADA
C64109F.ADA
C64109G.ADA
C64109H.ADA
C64109I.ADA
C64109J.ADA
C64109K.ADA
C64109L.ADA
C64201B.ADA
C64201C.ADA
C64202A.ADA
C65003A.ADA
C65003B.ADA
C65004A.ADA
C66002A.ADA
C66002C.ADA
C66002D.ADA
C66002E.ADA
C66002F.ADA
C66002G.ADA
C67002A.ADA
C67002B.ADA
C67002C.ADA
C67002D.ADA
C67002E.ADA
C67003A.ADA
C67003B.ADA
C67003C.ADA
C67003D.ADA
C67003E.ADA
C67005A.ADA
C67005B.ADA
C67005C.ADA
C67005D.ADA
C72001B.ADA
C72002A.ADA
C73002A.ADA
C73007A.ADA
C74004A.ADA
C74203A.ADA
C74206A.ADA
C74207B.ADA
C74208A.ADA
C74208B.ADA
C74209A.ADA
C74210A.ADA
C74211A.ADA
C74211B.ADA
C74302A.ADA
C74302B.ADA
C74305A.ADA
C74305B.ADA
C74306A.ADA
C74307A.ADA
C74308A.ADA
C74401D.ADA
C74401E.ADA
C74401K.ADA
C74401Q.ADA
C74402A.ADA
C74402B.ADA
C74406A.ADA
C74407B.ADA
C74409B.ADA
C83007A.ADA
C83012D.ADA
C83022A.ADA
C83022G0M.ADA
C83022G1.ADA
C83023A.ADA
C83024A.ADA
C83024E0.ADA
C83024E1M.ADA
C83025A.ADA
C83025C.ADA
C83026A.ADA
C83027A.ADA
C83027C.ADA
C83028A.ADA
C83029A.ADA
C83030A.ADA
C83030C.ADA
C83031A.ADA
C83031C.ADA
C83031E.ADA
C83032A.ADA
C83033A.ADA
C83041A.ADA
C83051A.ADA
C83B02A.ADA
C83B02B.ADA
C83C01B.ADA
C83E02A.ADA
C83E02B.ADA
C83E03A.ADA
C83E04A.ADA
C83F01A.ADA
C83F01B.ADA
C83F01C0.ADA
C83F01C1.ADA
C83F01C2M.ADA
C83F01D0M.ADA
C83F01D1.ADA
C83F03A.ADA
C83F03B.ADA
C83F03C0.ADA
C83F03C1.ADA
C83F03C2M.ADA
C83F03D0M.ADA
C83F03D1.ADA
C84002A.ADA
C84005A.ADA
C84008A.ADA
C84009A.ADA
C85004B.ADA
C85005A.ADA
C85005B.ADA
C85005C.ADA
C85005D.ADA
C85005E.ADA
C85005F.ADA
C85005G.ADA
C85006A.ADA
C85006B.ADA
C85006C.ADA
C85006D.ADA
C85006E.ADA
C85006F.ADA
C85006G.ADA
C85007A.ADA
C85007E.ADA
C85009A.ADA
C85011A.ADA
C85013A.ADA
C85014A.ADA
C85014B.ADA
C85014C.ADA
C85016A.ADA
C85017A.ADA
C85018A.ADA
C85018B.ADA
C85019A.ADA
C86001E.ADA
C86001F.DEP
C86002A0.ADA
C86002A1.ADA
C86002A2M.ADA
C86002B1.ADA
C86002B2M.ADA
C86003A.ADA
C86004A.ADA
C86004B0.ADA
C86004B1.ADA
C86004B2M.ADA
C86004C0.ADA
C86004C1.ADA
C86004C2M.ADA
C86005A.ADA
C86005B.ADA
C86005E.ADA
C86006A.ADA
C86006B.ADA
C86006C.DEP
C86006D.DEP
C86006E.TST
C86006G.DEP
C86006H.DEP
C86007A.ADA
C87A05A.ADA
C87A05B.ADA
C87B02A.ADA
C87B02B.ADA
C87B03A.ADA
C87B04A.ADA
C87B04B.ADA
C87B04C.ADA
C87B05A.ADA
C87B06A.ADA
C87B07A.ADA
C87B07B.ADA
C87B07C.ADA
C87B07D.ADA
C87B07E.ADA
C87B08A.ADA
C87B09A.ADA
C87B09B.ADA
C87B09C.ADA
C87B10A.ADA
C87B11A.ADA
C87B11B.ADA
C87B13A.ADA
C87B14A.ADA
C87B14B.ADA
C87B14C.ADA
C87B14D.ADA
C87B15A.ADA
C87B16A.ADA
C87B17A.ADA
C87B18A.ADA
C87B18B.ADA
C87B19A.ADA
C87B23A.ADA
C87B24A.ADA
C87B24B.ADA
C87B26B.ADA
C87B27A.ADA
C87B28A.ADA
C87B29A.ADA
C87B30A.ADA
C87B31A.ADA
C87B32A.ADA
C87B33A.ADA
C87B34A.ADA
C87B34B.ADA
C87B34C.ADA
C87B35A.ADA
C87B35B.ADA
C87B35C.ADA
C87B37A.ADA
C87B37B.ADA
C87B37C.ADA
C87B37D.ADA
C87B37E.ADA
C87B37F.ADA
C87B38A.ADA
C87B39A.ADA
C87B40A.ADA
C87B41A.ADA
C87B42A.ADA
C87B43A.ADA
C87B44A.ADA
C87B45A.ADA
C87B45C.ADA
C87B47A.ADA
C87B48A.ADA
C87B48B.ADA
C87B50A.ADA
C87B54A.ADA
C87B57A.ADA
C87B62A.ADA
C87B62B.ADA
C87B62C.ADA
C87B62D.TST
C91004B.ADA
C91004C.ADA
C91006A.ADA
C91007A.ADA
C92002A.ADA
C92003A.ADA
C92005A.ADA
C92005B.ADA
C92006A.ADA
C93001A.ADA
C93002A.ADA
C93003A.ADA
C93004A.ADA
C93004B.ADA
C93004C.ADA
C93004D.ADA
C93004F.ADA
C93005A.ADA
C93005B.ADA
C93005C.ADA
C93005D.ADA
C93005E.ADA
C93005F.ADA
C93005G.ADA
C93005H.ADA
C93006A.ADA
C93007A.ADA
C93008A.ADA
C93008B.ADA
C94001A.ADA
C94001B.ADA
C94001C.ADA
C94001E.ADA
C94001F.ADA
C94001G.ADA
C94002A.ADA
C94002B.ADA
C94002D.ADA
C94002E.ADA
C94002F.ADA
C94002G.ADA
C94003A.ADA
C94004A.ADA
C94004B.ADA
C94004C.ADA
C94005A.ADA
C94005B.ADA
C94006A.ADA
C94007A.ADA
C94007B.ADA
C94008A.ADA
C94008B.ADA
C94008C.ADA
C94008D.ADA
C94010A.ADA
C94011A.ADA
C94020A.ADA
C94021A.ADA
C95008A.ADA
C95009A.ADA
C95009B.ADA
C95009C.ADA
C95010A.ADA
C95011A.ADA
C95012A.ADA
C95013A.ADA
C95021A.ADA
C95022A.ADA
C95022B.ADA
C95033A.ADA
C95033B.ADA
C95034A.ADA
C95034B.ADA
C95035A.ADA
C95040A.ADA
C95040B.ADA
C95040C.ADA
C95040D.ADA
C95041A.ADA
C95065A.ADA
C95065B.ADA
C95065C.ADA
C95065D.ADA
C95065E.ADA
C95065F.ADA
C95066A.ADA
C95067A.ADA
C95071A.ADA
C95072A.ADA
C95072B.ADA
C95073A.ADA
C95074C.ADA
C95075A.ADA
C95076A.ADA
C95078A.ADA
C95080B.ADA
C95082G.ADA
C95084A.ADA
C95085A.ADA
C95085B.ADA
C95085C.ADA
C95085D.ADA
C95085E.ADA
C95085F.ADA
C95085G.ADA
C95085H.ADA
C95085I.ADA
C95085J.ADA
C95085K.ADA
C95085L.ADA
C95085M.ADA
C95085N.ADA
C95085O.ADA
C95086A.ADA
C95086B.ADA
C95086C.ADA
C95086D.ADA
C95086E.ADA
C95086F.ADA
C95087A.ADA
C95087B.ADA
C95087C.ADA
C95087D.ADA
C95088A.ADA
C95089A.ADA
C95090A.ADA
C95092A.ADA
C95093A.ADA
C95095A.ADA
C95095B.ADA
C95095C.ADA
C95095D.ADA
C95095E.ADA
C96001A.ADA
C96004A.ADA
C96005A.ADA
C96005B.TST
C96005C.TST
C96005D.ADA
C96005E.ADA
C96005F.ADA
C96006A.ADA
C96007A.ADA
C96008A.ADA
C96008B.ADA
C97112A.ADA
C97113A.ADA
C97114A.ADA
C97115A.ADA
C97116A.ADA
C97117A.ADA
C97117B.ADA
C97117C.ADA
C97118A.ADA
C97120A.ADA
C97120B.ADA
C97201A.ADA
C97201B.ADA
C97201C.ADA
C97201D.ADA
C97201E.ADA
C97201G.ADA
C97201H.ADA
C97201X.ADA
C97202A.ADA
C97203A.ADA
C97203B.ADA
C97203C.ADA
C97204A.ADA
C97204B.ADA
C97205A.ADA
C97205B.ADA
C97301A.ADA
C97301B.ADA
C97301C.ADA
C97301D.ADA
C97301E.ADA
C97302A.ADA
C97303A.ADA
C97303B.ADA
C97303C.ADA
C97304A.ADA
C97304B.ADA
C97305A.ADA
C97305B.ADA
C97305C.ADA
C97305D.ADA
C97307A.ADA
C98001B.ADA
C98001C.ADA
C98003B.ADA
C99004A.ADA
C99005A.ADA
C9A003A.ADA
C9A004A.ADA
C9A005A.ADA
C9A006A.ADA
C9A007A.ADA
C9A008A.ADA
C9A009A.ADA
C9A009B.ADA
C9A009C.ADA
C9A009F.ADA
C9A009G.ADA
C9A009H.ADA
C9A010A.ADA
C9A011A.ADA
C9A011B.ADA
CA1002A0.ADA
CA1002A1.ADA
CA1002A2.ADA
CA1002A3M.ADA
CA1002A4.ADA
CA1002A5.ADA
CA1002A6.ADA
CA1002A7.ADA
CA1002A8.ADA
CA1002A9.ADA
CA1003A.ADA
CA1004A.ADA
CA1005A.ADA
CA1006A.ADA
CA1007A0.ADA
CA1007A1M.ADA
CA1008A0.ADA
CA1008A1M.ADA
CA1009A0.ADA
CA1009A1.ADA
CA1009A2.ADA
CA1009A3.ADA
CA1009A4M.ADA
CA1011A0.ADA
CA1011A1.ADA
CA1011A2.ADA
CA1011A3.ADA
CA1011A4.ADA
CA1011A5.ADA
CA1011A6M.ADA
CA1012A0.DEP
CA1012A1.DEP
CA1012A2.DEP
CA1012A3.DEP
CA1012A4M.DEP
CA1012B0.ADA
CA1012B2.ADA
CA1012B4M.ADA
CA1013A0.ADA
CA1013A1.ADA
CA1013A2.ADA
CA1013A3.ADA
CA1013A4.ADA
CA1013A5.ADA
CA1013A6M.ADA
CA1014A0M.ADA
CA1014A1.ADA
CA1014A2.ADA
CA1014A3.ADA
CA1020D0.ADA
CA1020D1.ADA
CA1020D2.ADA
CA1020D3M.ADA
CA1020E0.ADA
CA1020E1.ADA
CA1020E2.ADA
CA1020E3M.ADA
CA1022A0.ADA
CA1022A1.ADA
CA1022A2.ADA
CA1022A3.ADA
CA1022A4.ADA
CA1022A5.ADA
CA1022A6M.ADA
CA1102A0.ADA
CA1102A1.ADA
CA1102A2M.ADA
CA1105A0.ADA
CA1105A1M.ADA
CA1105B0.ADA
CA1105B1.ADA
CA1105B2.ADA
CA1105B3M.ADA
CA1105B4.ADA
CA1105B5.ADA
CA1106A.ADA
CA1107A0.ADA
CA1107A1M.ADA
CA1107A2.ADA
CA1108A.ADA
CA1108B.ADA
CA2001H0.ADA
CA2001H1.ADA
CA2001H2.ADA
CA2001H3M.ADA
CA2002A0M.ADA
CA2002A1.ADA
CA2002A2.ADA
CA2003A0M.ADA
CA2003A1.ADA
CA2004A0M.ADA
CA2004A1.ADA
CA2004A2.ADA
CA2004A3.ADA
CA2004A4.ADA
CA2007A0M.ADA
CA2007A1.ADA
CA2007A2.ADA
CA2007A3.ADA
CA2008A0M.ADA
CA2008A1.ADA
CA2008A2.ADA
CA2009A.ADA
CA2009C0M.DEP
CA2009C1.DEP
CA2009D.ADA
CA2009F0M.DEP
CA2009F1.DEP
CA2009F2.DEP
CA2011B.ADA
CA3002A0.ADA
CA3002A1.ADA
CA3002A2M.ADA
CA3002A3.ADA
CA3004E0.ADA
CA3004E1.ADA
CA3004E2.ADA
CA3004E3.ADA
CA3004E4M.ADA
CA3004F0.ADA
CA3004F1.ADA
CA3004F2.ADA
CA3004F3.ADA
CA3004F4M.ADA
CA3006C0.ADA
CA3006C1.ADA
CA3006C2.ADA
CA3006C3.ADA
CA3006C4.ADA
CA3006C5M.ADA
CA3006D0.ADA
CA3006D1.ADA
CA3006D2.ADA
CA3006D3M.ADA
CA3006E0.ADA
CA3006E1.ADA
CA3006E2.ADA
CA3006E3.ADA
CA3006E4.ADA
CA3006E5.ADA
CA3006E6M.ADA
CA3009A0.ADA
CA3009A1.ADA
CA3009A2.ADA
CA3009A3.ADA
CA3009A4.ADA
CA3009A5.ADA
CA3009A6M.ADA
CA3011A0.DEP
CA3011A1.DEP
CA3011A2.DEP
CA3011A3.DEP
CA3011A4M.DEP
CA5002A.ADA
CA5002B0.ADA
CA5002B1.ADA
CA5002B2.ADA
CA5002B3.ADA
CA5002B4.ADA
CA5002B5.ADA
CA5002B6.ADA
CA5002B7M.ADA
CA5003A0.ADA
CA5003A1.ADA
CA5003A2.ADA
CA5003A3.ADA
CA5003A4.ADA
CA5003A5.ADA
CA5003A6M.ADA
CA5003B0.ADA
CA5003B1.ADA
CA5003B2.ADA
CA5003B3.ADA
CA5003B4.ADA
CA5003B5M.ADA
CA5004A.ADA
CA5004B.ADA
CA5005A.ADA
CA5006A.ADA
CB1001A.ADA
CB1002A.ADA
CB1003A.ADA
CB1004A.ADA
CB1005A.ADA
CB1010A.ADA
CB1010B.ADA
CB1010C.ADA
CB1010D.ADA
CB2004A.ADA
CB2005A.ADA
CB2006A.ADA
CB2007A.ADA
CB3003A.ADA
CB3003B.ADA
CB3004A.ADA
CB4001A.ADA
CB4002A.ADA
CB4003A.ADA
CB4004A.ADA
CB4005A.ADA
CB4006A.ADA
CB4007A.ADA
CB4008A.ADA
CB4009A.ADA
CB4013A.ADA
CB5001A.ADA
CB5001B.ADA
CB5002A.ADA
CB7001A.ADA
CB7001B.ADA
CB7003A.ADA
CB7004A.ADA
CB7005A.ADA
CC1004A.ADA
CC1005B.ADA
CC1005C.ADA
CC1010A.ADA
CC1010B.ADA
CC1018A.ADA
CC1104C.ADA
CC1107B.ADA
CC1111A.ADA
CC1204A.ADA
CC1207B.ADA
CC1220A.ADA
CC1221A.ADA
CC1221B.ADA
CC1221C.ADA
CC1221D.ADA
CC1222A.ADA
CC1223A.ADA
CC1224A.ADA
CC1225A.ADA
CC1226B.ADA
CC1227A.ADA
CC1301A.ADA
CC1302A.ADA
CC1304A.ADA
CC1304B.ADA
CC1305B.ADA
CC1307A.ADA
CC1307B.ADA
CC1308A.ADA
CC1310A.ADA
CC1311A.ADA
CC1311B.ADA
CC2002A.ADA
CC3004A.ADA
CC3007A.ADA
CC3011A.ADA
CC3011D.ADA
CC3012A.ADA
CC3015A.ADA
CC3019A.ADA
CC3106B.ADA
CC3120A.ADA
CC3120B.ADA
CC3121A.ADA
CC3123A.ADA
CC3123B.ADA
CC3125A.ADA
CC3125B.ADA
CC3125C.ADA
CC3125D.ADA
CC3126A.ADA
CC3127A.ADA
CC3128A.ADA
CC3203A.ADA
CC3207B.ADA
CC3208A.ADA
CC3208B.ADA
CC3208C.ADA
CC3220A.ADA
CC3221A.ADA
CC3222A.ADA
CC3223A.ADA
CC3224A.ADA
CC3225A.ADA
CC3230A.ADA
CC3231A.ADA
CC3232A.ADA
CC3233A.ADA
CC3234A.ADA
CC3235A.ADA
CC3236A.ADA
CC3240A.ADA
CC3305A.ADA
CC3305B.ADA
CC3305C.ADA
CC3305D.ADA
CC3406A.ADA
CC3406B.ADA
CC3406C.ADA
CC3406D.ADA
CC3407A.ADA
CC3407B.ADA
CC3407C.ADA
CC3407D.ADA
CC3407E.ADA
CC3407F.ADA
CC3408A.ADA
CC3408B.ADA
CC3408C.ADA
CC3408D.ADA
CC3504A.ADA
CC3504B.ADA
CC3504C.ADA
CC3504D.ADA
CC3504E.ADA
CC3504F.ADA
CC3504G.ADA
CC3504H.ADA
CC3504I.ADA
CC3504J.ADA
CC3504K.ADA
CC3601A.ADA
CC3601C.ADA
CC3602A.ADA
CC3603A.ADA
CC3605A.ADA
CC3606A.ADA
CC3606B.ADA
CC3607B.ADA
CD1009A.ADA
CD1009B.ADA
CD1009C.DEP
CD1009D.ADA
CD1009E.ADA
CD1009F.ADA
CD1009G.ADA
CD1009H.ADA
CD1009I.ADA
CD1009J.ADA
CD1009K.TST
CD1009L.ADA
CD1009M.ADA
CD1009N.ADA
CD1009O.ADA
CD1009P.ADA
CD1009Q.ADA
CD1009R.ADA
CD1009S.ADA
CD1009T.TST
CD1009U.TST
CD1009V.ADA
CD1009W.ADA
CD1009X.ADA
CD1009Y.ADA
CD1009Z.ADA
CD1C03A.ADA
CD1C03B.ADA
CD1C03C.ADA
CD1C03E.TST
CD1C03F.ADA
CD1C03G.ADA
CD1C03H.ADA
CD1C03I.ADA
CD1C04A.ADA
CD1C04B.ADA
CD1C04D.ADA
CD1C04E.ADA
CD1C06A.TST
CD1D01A.ADA
CD1D01B.ADA
CD1D01C.ADA
CD1D01D.ADA
CD1D02A.ADA
CD1D03A.ADA
CD2A21A.ADA
CD2A21B.ADA
CD2A21C.ADA
CD2A21E.ADA
CD2A22A.ADA
CD2A22B.ADA
CD2A22E.ADA
CD2A22F.ADA
CD2A22I.ADA
CD2A22J.ADA
CD2A23A.ADA
CD2A23B.ADA
CD2A23E.ADA
CD2A24A.ADA
CD2A24B.ADA
CD2A24E.ADA
CD2A24F.ADA
CD2A24I.ADA
CD2A24J.ADA
CD2A31A.ADA
CD2A31B.ADA
CD2A31C.ADA
CD2A31E.ADA
CD2A32A.ADA
CD2A32B.ADA
CD2A32C.ADA
CD2A32E.ADA
CD2A32F.ADA
CD2A32G.ADA
CD2A32I.ADA
CD2A32J.ADA
CD2A41A.DEP
CD2A41E.DEP
CD2A51A.ADA
CD2A51B.ADA
CD2A51E.ADA
CD2A52A.ADA
CD2A52E.ADA
CD2A52F.ADA
CD2A52I.ADA
CD2A52J.ADA
CD2A53A.ADA
CD2A53B.ADA
CD2A53E.ADA
CD2A54A.ADA
CD2A54E.ADA
CD2A54I.ADA
CD2A54J.ADA
CD2A81A.TST
CD2A81B.TST
CD2A81E.TST
CD2A81F.TST
CD2A83A.TST
CD2A83B.TST
CD2A83C.TST
CD2A83E.TST
CD2A83F.TST
CD2A83G.TST
CD2A84A.DEP
CD2A84E.DEP
CD2A84I.DEP
CD2A84J.DEP
CD2A84O.DEP
CD2A87A.TST
CD2A91A.TST
CD2A91B.TST
CD2A91C.TST
CD2A91D.TST
CD2A91E.TST
CD2B11A.ADA
CD2B11B.ADA
CD2B11D.ADA
CD2B11E.ADA
CD2B11F.ADA
CD2B15B.ADA
CD2B15C.DEP
CD2B16A.ADA
CD2C11A.TST
CD2C11B.TST
CD2C11D.TST
CD2D11A.ADA
CD2D13A.ADA
CD3014A.ADA
CD3014B.ADA
CD3014C.ADA
CD3014D.ADA
CD3014E.ADA
CD3014F.ADA
CD3015A.ADA
CD3015B.ADA
CD3015C.ADA
CD3015D.ADA
CD3015E.ADA
CD3015F.ADA
CD3015G.ADA
CD3015H.ADA
CD3015I.ADA
CD3015J.ADA
CD3015K.ADA
CD3015L.ADA
CD3021A.ADA
CD3022A.ADA
CD4022A.ADA
CD4022D.DEP
CD4024B.ADA
CD4024C.ADA
CD4024D.DEP
CD4031A.ADA
CD4041A.TST
CD4051A.ADA
CD4051B.ADA
CD4051C.ADA
CD4051D.ADA
CD4061A.ADA
CD5003A.ADA
CD5003B.ADA
CD5003C.ADA
CD5003D.ADA
CD5003E.ADA
CD5003F.ADA
CD5003G.ADA
CD5003H.ADA
CD5003I.ADA
CD5011A.ADA
CD5011C.ADA
CD5011E.ADA
CD5011G.ADA
CD5011I.ADA
CD5011K.ADA
CD5011M.ADA
CD5011Q.ADA
CD5011S.ADA
CD5012A.ADA
CD5012B.ADA
CD5012E.ADA
CD5012F.ADA
CD5012I.ADA
CD5012M.ADA
CD5013A.ADA
CD5013C.ADA
CD5013E.ADA
CD5013G.ADA
CD5013I.ADA
CD5013K.ADA
CD5013M.ADA
CD5013O.ADA
CD5014A.ADA
CD5014C.ADA
CD5014E.ADA
CD5014G.ADA
CD5014I.ADA
CD5014K.ADA
CD5014M.ADA
CD5014O.ADA
CD5014T.ADA
CD5014V.ADA
CD5014X.ADA
CD5014Y.ADA
CD5014Z.ADA
CD5111A.DEP
CD7002A.ADA
CD7003A.TST
CD7004A.TST
CD7004C.TST
CD7004D.TST
CD7005B.TST
CD7005E.TST
CD7006B.TST
CD7006E.TST
CD7007B.ADA
CD7007C.TST
CD7101B.TST
CD7101D.ADA
CD7101E.DEP
CD7101F.DEP
CD7101G.TST
CD7102B.TST
CD7103B.TST
CD7103D.TST
CD7104B.TST
CD7202A.ADA
CD7204B.ADA
CD7204C.ADA
CD7205C.ADA
CD7305A.ADA
CD9005A.TST
CD9005B.TST
CDA101B.ADA
CDA201A.ADA
CDA201B.ADA
CDA201C.ADA
CDA201E.ADA
CE2102A.ADA
CE2102B.ADA
CE2102C.TST
CE2102D.ADA
CE2102E.ADA
CE2102F.ADA
CE2102G.ADA
CE2102H.TST
CE2102I.ADA
CE2102J.ADA
CE2102K.ADA
CE2102L.ADA
CE2102M.ADA
CE2102N.ADA
CE2102O.ADA
CE2102P.ADA
CE2102Q.ADA
CE2102R.ADA
CE2102S.ADA
CE2102T.ADA
CE2102U.ADA
CE2102V.ADA
CE2102W.ADA
CE2102X.ADA
CE2102Y.ADA
CE2103A.TST
CE2103B.TST
CE2103C.ADA
CE2103D.ADA
CE2104A.ADA
CE2104B.ADA
CE2104C.ADA
CE2104D.ADA
CE2105A.ADA
CE2105B.ADA
CE2106A.ADA
CE2106B.ADA
CE2107A.ADA
CE2107B.ADA
CE2107C.ADA
CE2107D.ADA
CE2107E.ADA
CE2107F.ADA
CE2107G.ADA
CE2107H.ADA
CE2107I.ADA
CE2107L.ADA
CE2108A.ADA
CE2108B.ADA
CE2108C.ADA
CE2108D.ADA
CE2108E.ADA
CE2108F.ADA
CE2108G.ADA
CE2108H.ADA
CE2109A.ADA
CE2109B.ADA
CE2109C.ADA
CE2110A.ADA
CE2110B.ADA
CE2110C.ADA
CE2110D.ADA
CE2111A.ADA
CE2111B.ADA
CE2111C.ADA
CE2111D.ADA
CE2111E.ADA
CE2111F.ADA
CE2111G.ADA
CE2111H.ADA
CE2111I.ADA
CE2115A.ADA
CE2115B.ADA
CE2117A.ADA
CE2117B.ADA
CE2119B.ADA
CE2120A.TST
CE2120B.TST
CE2201A.ADA
CE2201B.ADA
CE2201C.ADA
CE2201F.ADA
CE2201G.ADA
CE2201H.ADA
CE2201I.ADA
CE2201J.ADA
CE2201K.ADA
CE2201L.ADA
CE2201M.ADA
CE2201N.ADA
CE2202A.ADA
CE2203A.TST
CE2204A.ADA
CE2204B.ADA
CE2204C.ADA
CE2204D.ADA
CE2205A.ADA
CE2205B.ADA
CE2206A.ADA
CE2208B.ADA
CE2401A.ADA
CE2401B.ADA
CE2401C.ADA
CE2401E.ADA
CE2401F.ADA
CE2401H.ADA
CE2401I.ADA
CE2401J.ADA
CE2401K.ADA
CE2401L.ADA
CE2402A.ADA
CE2403A.TST
CE2404A.ADA
CE2404B.ADA
CE2405A.ADA
CE2405B.ADA
CE2406A.ADA
CE2407A.ADA
CE2407B.ADA
CE2408A.ADA
CE2408B.ADA
CE2409A.ADA
CE2409B.ADA
CE2410A.ADA
CE2410B.ADA
CE2411A.ADA
CE3002B.TST
CE3002C.TST
CE3002D.ADA
CE3002F.ADA
CE3102A.ADA
CE3102B.TST
CE3102C.ADA
CE3102D.ADA
CE3102E.ADA
CE3102F.ADA
CE3102G.ADA
CE3102H.ADA
CE3102I.ADA
CE3102J.ADA
CE3102K.ADA
CE3103A.ADA
CE3104A.ADA
CE3104B.ADA
CE3104C.ADA
CE3106A.ADA
CE3106B.ADA
CE3107A.TST
CE3107B.ADA
CE3108A.ADA
CE3108B.ADA
CE3109A.ADA
CE3110A.ADA
CE3111A.ADA
CE3111B.ADA
CE3111C.ADA
CE3111D.ADA
CE3111E.ADA
CE3112A.ADA
CE3112B.ADA
CE3112C.ADA
CE3112D.ADA
CE3114A.ADA
CE3114B.ADA
CE3115A.ADA
CE3116A.ADA
CE3118A.ADA
CE3119A.TST
CE3201A.ADA
CE3202A.ADA
CE3206A.ADA
CE3207A.ADA
CE3208A.ADA
CE3301A.ADA
CE3302A.ADA
CE3303A.ADA
CE3304A.TST
CE3305A.ADA
CE3306A.ADA
CE3401A.ADA
CE3402A.ADA
CE3402C.ADA
CE3402D.ADA
CE3402E.ADA
CE3403A.ADA
CE3403B.ADA
CE3403C.ADA
CE3403D.ADA
CE3403E.ADA
CE3403F.ADA
CE3404A.ADA
CE3404B.ADA
CE3404C.ADA
CE3404D.ADA
CE3405A.ADA
CE3405C.ADA
CE3405D.ADA
CE3406A.ADA
CE3406B.ADA
CE3406C.ADA
CE3406D.ADA
CE3407A.ADA
CE3407B.ADA
CE3407C.ADA
CE3408A.ADA
CE3408B.ADA
CE3408C.ADA
CE3409A.ADA
CE3409B.ADA
CE3409C.ADA
CE3409D.ADA
CE3409E.ADA
CE3410A.ADA
CE3410B.ADA
CE3410C.ADA
CE3410D.ADA
CE3410E.ADA
CE3411A.ADA
CE3411B.ADA
CE3411C.ADA
CE3412A.ADA
CE3412B.ADA
CE3413A.ADA
CE3413B.ADA
CE3413C.ADA
CE3414A.ADA
CE3601A.ADA
CE3602A.ADA
CE3602B.ADA
CE3602C.ADA
CE3602D.ADA
CE3603A.ADA
CE3604A.ADA
CE3604B.ADA
CE3605A.ADA
CE3605B.ADA
CE3605C.ADA
CE3605D.ADA
CE3605E.ADA
CE3606A.ADA
CE3606B.ADA
CE3607B.TST
CE3607C.TST
CE3607D.TST
CE3701A.ADA
CE3704A.ADA
CE3704B.ADA
CE3704C.ADA
CE3704D.ADA
CE3704E.ADA
CE3704F.ADA
CE3704M.ADA
CE3704N.ADA
CE3704O.ADA
CE3705A.ADA
CE3705B.ADA
CE3705C.ADA
CE3705D.ADA
CE3705E.ADA
CE3706C.ADA
CE3706D.ADA
CE3706F.ADA
CE3706G.ADA
CE3707A.ADA
CE3708A.ADA
CE3801A.ADA
CE3801B.ADA
CE3804A.ADA
CE3804B.ADA
CE3804C.ADA
CE3804D.ADA
CE3804E.ADA
CE3804F.ADA
CE3804G.ADA
CE3804H.ADA
CE3804I.ADA
CE3804J.ADA
CE3804K.ADA
CE3804L.ADA
CE3804M.ADA
CE3804N.ADA
CE3804O.ADA
CE3804P.ADA
CE3805A.ADA
CE3805B.ADA
CE3806A.ADA
CE3806B.ADA
CE3806C.ADA
CE3806D.ADA
CE3806E.ADA
CE3806F.ADA
CE3806G.ADA
CE3806H.ADA
CE3809A.ADA
CE3809B.ADA
CE3810A.ADA
CE3810B.ADA
CE3812A.ADA
CE3814A.ADA
CE3815A.ADA
CE3901A.ADA
CE3902B.ADA
CE3904A.ADA
CE3904B.ADA
CE3905A.ADA
CE3905B.ADA
CE3905C.ADA
CE3905L.ADA
CE3906A.ADA
CE3906B.ADA
CE3906C.ADA
CE3906D.ADA
CE3906E.ADA
CE3906F.ADA
CE3907A.ADA
CE3908A.ADA
D29002K.ADA
D4A002A.ADA
D4A002B.ADA
D4A004A.ADA
D4A004B.ADA
D55A03A.ADA
D55A03B.ADA
D55A03C.ADA
D55A03D.ADA
D55A03E.ADA
D55A03F.ADA
D55A03G.ADA
D55A03H.ADA
D56001B.ADA
D64005E0M.ADA
D64005EA.ADA
D64005EB.ADA
D64005EC.ADA
D64005ED.ADA
D64005EE.ADA
D64005EF.ADA
D64005F0M.ADA
D64005FA.ADA
D64005FB.ADA
D64005FC.ADA
D64005FD.ADA
D64005FE.ADA
D64005FF.ADA
D64005FG.ADA
D64005FH.ADA
D64005FI.ADA
D64005FJ.ADA
D64005G0M.ADA
D64005GA.ADA
D64005GB.ADA
D64005GC.ADA
D64005GD.ADA
D64005GE.ADA
D64005GF.ADA
D64005GG.ADA
D64005GH.ADA
D64005GI.ADA
D64005GJ.ADA
D64005GK.ADA
D64005GL.ADA
D64005GM.ADA
D64005GN.ADA
D64005GO.ADA
D64005GP.ADA
D64005GQ.ADA
E28002A.ADA
E28002B.ADA
E28002D.ADA
E28005C.ADA
E28005D.ADA
E43211B.ADA
E43212B.ADA
E52103Y.ADA
EA1003B.ADA
EA3003A0.ADA
EA3003A1.ADA
EA3003A2.ADA
EA3003A3M.ADA
EA3003B0.ADA
EA3003B1.ADA
EA3003B2.ADA
EA3003B3M.ADA
EA3003C0.ADA
EA3003C1.ADA
EA3003C2.ADA
EA3003C3M.ADA
EA3004C0.ADA
EA3004C1.ADA
EA3004C2.ADA
EA3004C3.ADA
EA3004C4.ADA
EA3004C5M.ADA
EA3004D0.ADA
EA3004D1.ADA
EA3004D2.ADA
EA3004D3.ADA
EA3004D4.ADA
EA3004D5.ADA
EA3004D6M.ADA
EB4011A.ADA
EB4012A.ADA
EB4014A.ADA
ED1D04A.ADA
ED2A26A.ADA
ED2A56A.ADA
ED4021A.ADA
ED4022B.ADA
ED4022C.ADA
ED7002B.ADA
ED7005D0.TST
ED7005D1.TST
ED7005D2.TST
ED7005D3M.TST
ED9002A.TST
EE2201D.ADA
EE2201E.ADA
EE2401D.ADA
EE2401G.ADA
EE3203A.ADA
EE3204A.ADA
EE3301B.ADA
EE3402B.ADA
EE3405B.ADA
EE3409F.ADA
EE3410F.ADA
EE3412C.ADA
LA1001F.ADA
LA3004A0.ADA
LA3004A1.ADA
LA3004A2.ADA
LA3004A3.ADA
LA3004A4.ADA
LA3004A5.ADA
LA3004A6M.ADA
LA3004B0.ADA
LA3004B1.ADA
LA3004B2.ADA
LA3004B3.ADA
LA3004B4.ADA
LA3004B5.ADA
LA3004B6.ADA
LA3004B7M.ADA
LA5001A0.ADA
LA5001A1.ADA
LA5001A2.ADA
LA5001A3.ADA
LA5001A4.ADA
LA5001A5.ADA
LA5001A6.ADA
LA5001A7M.ADA
LA5007A0.ADA
LA5007A1M.ADA
LA5007B0.ADA
LA5007B1M.ADA
LA5007C0.ADA
LA5007C1M.ADA
LA5007D0.ADA
LA5007D1M.ADA
LA5007E0.ADA
LA5007E1M.ADA
LA5007F0.ADA
LA5007F1M.ADA
LA5007G0.ADA
LA5007G1M.ADA
LA5007H0.ADA
LA5007H1.ADA
LA5007H2M.ADA
LA5007I0.ADA
LA5007I1.ADA
LA5007I2.ADA
LA5007I3M.ADA
LA5007J0.ADA
LA5007J1.ADA
LA5007J2M.ADA
LA5007K0.ADA
LA5007K1.ADA
LA5007K2.ADA
LA5007K3M.ADA
LA5007L0.ADA
LA5007L1.ADA
LA5007L2.ADA
LA5007L3.ADA
LA5007L4M.ADA
LA5007M0.ADA
LA5007M1.ADA
LA5007M2.ADA
LA5007M3M.ADA
LA5007N0.ADA
LA5007N1.ADA
LA5007N2.ADA
LA5007N3M.ADA
LA5007O0.ADA
LA5007O1.ADA
LA5007O2.ADA
LA5007O3.ADA
LA5007O4M.ADA
LA5007P0.ADA
LA5007P1.ADA
LA5007P2M.ADA
LA5007P3.ADA
LA5007Q0.ADA
LA5007Q1.ADA
LA5007Q2M.ADA
LA5007Q3.ADA
LA5007R0.ADA
LA5007R1.ADA
LA5007R2M.ADA
LA5007R3.ADA
LA5007S0.ADA
LA5007S1.ADA
LA5007S2M.ADA
LA5007S3.ADA
LA5007T0.ADA
LA5007T1.ADA
LA5007T2M.ADA
LA5007T3.ADA
LA5008A0.ADA
LA5008A1M.ADA
LA5008B0.ADA
LA5008B1M.ADA
LA5008C0.ADA
LA5008C1M.ADA
LA5008D0.ADA
LA5008D1M.ADA
LA5008E0.ADA
LA5008E1M.ADA
LA5008F0.ADA
LA5008F1M.ADA
LA5008G0.ADA
LA5008G1M.ADA
LA5008H0.ADA
LA5008H1.ADA
LA5008H2M.ADA
LA5008I0.ADA
LA5008I1.ADA
LA5008I2.ADA
LA5008I3M.ADA
LA5008J0.ADA
LA5008J1.ADA
LA5008J2M.ADA
LA5008K0.ADA
LA5008K1.ADA
LA5008K2.ADA
LA5008K3M.ADA
LA5008L0.ADA
LA5008L1.ADA
LA5008L2.ADA
LA5008L3M.ADA
LA5008M0.ADA
LA5008M1.ADA
LA5008M2M.ADA
LA5008N0.ADA
LA5008N1.ADA
LA5008N2M.ADA
LA5008O0.ADA
LA5008O1.ADA
LA5008O2.ADA
LA5008O3M.ADA
LA5008P0.ADA
LA5008P1.ADA
LA5008P2M.ADA
LA5008P3.ADA
LA5008Q0.ADA
LA5008Q1.ADA
LA5008Q2M.ADA
LA5008Q3.ADA
LA5008R0.ADA
LA5008R1.ADA
LA5008R2M.ADA
LA5008R3.ADA
LA5008S0.ADA
LA5008S1.ADA
LA5008S2.ADA
LA5008S3M.ADA
LA5008S4.ADA
LA5008T0.ADA
LA5008T1.ADA
LA5008T2M.ADA
LA5008T3.ADA
LA5008U0.ADA
LA5008U1.ADA
LA5008U2M.ADA
LA5008U3.ADA
LA5008V0.ADA
LA5008V1.ADA
LA5008V2.ADA
LA5008V3M.ADA
LA5008V4.ADA
LA5008W0.ADA
LA5008W1.ADA
LA5008W2.ADA
LA5008W3.ADA
LA5008W4M.ADA
LA5008W5.ADA
CHECKFILE.ADA
CZ1101A.ADA
CZ1102A.ADA
CZ1103A.ADA
ENUMCHEK.ADA
FCNDECL.ADA
LENCHECK.ADA
MACRO.DFS
MACROSUB.ADA
REPBODY.ADA
REPSPEC.ADA
SPPRT13SP.TST
AVAT000.ADA
AVAT001.ADA
AVAT002.ADA
AVAT003.ADA
AVAT004.ADA
AVAT005.ADA
AVAT006.ADA
AVAT007.TST
AVAT008.ADA
AVAT009.ADA
AVAT010.ADA
AVAT011.ADA
AVAT012.ADA
AVAT013.TST
AVAT014.ADA
AVAT015.TST
AVAT016.ADA
AVAT017.ADA
AVAT018.ADA
AVAT019.ADA
AVAT020.ADA
AVAT021.ADA
AVAT022.ADA
AVAT023.ADA
AVAT024.ADA
AVAT025.ADA
AVAT030.ADA
AVAT031.ADA
AVAT101.ADA
AVAT134.ADA
AVAT135.ADA
AVAT144.ADA
AVAT145.ADA
AVAT148.ADA
AVAT201.ADA
AVAT208.ADA
AVAT209.ADA
AVAT220.ADA
AVAT221.ADA
AVAT301.ADA
AVAT302.ADA
AVAT303.ADA
AVAT304.ADA
AVAT305.ADA
AVAT306.ADA
AVAT307.ADA
AVAT308.ADA
AVAT309.ADA
AVAT310.ADA
AVAT311.ADA
AVAT312.ADA
AVAT313.ADA
AVAT314.ADA
AVAT315.ADA
AVAT316.ADA
AVAT317.ADA
AVAT318.ADA
AVAT319.ADA
AVAT320.ADA
AVAT321.ADA
AVAT322.ADA
AVAT323.ADA
AVAT324.ADA
AVAT325.ADA
AVAT326.ADA
AVAT327.ADA
AVAT328.ADA
AVAT329.ADA
AVAT330.ADA
AVAT331.ADA
AVAT332.ADA
AVAT333.ADA
AVAT334.ADA
AVAT401.ADA
AVAT402.ADA
AVAT403.ADA
AVAT404.ADA
AVAT405.ADA
AVAT406.ADA
AVAT407.ADA
AVAT408.ADA
AVAT409.ADA
AVAT410.ADA
AVAT411.ADA
AVATMAIN.ADA
DATBODY.ADA
DATSPEC.ADA
